<?xml version="1.0" encoding="utf-8"?><testsuites name="pytest tests"><testsuite name="pytest" errors="0" failures="5" skipped="0" tests="396" time="42.878" timestamp="2026-09-11T09:38:25.723216-03:00" hostname="DESKTOP-AA6P1ID"><testcase classname="tests.test_adapters" name="test_openalex_search_parses_real_payload" time="0.003" /><testcase classname="tests.test_adapters" name="test_crossref_lookup_parses_real_payload" time="0.001"><failure message="AssertionError: assert (None is not None)&#10; +  where None = SourceRecord(schema_version='0.3', source_id='doi:10.1109/cvpr.2016.90', canonical_uri='https://doi.org/10.1109/CVPR.2...ata={'adapter': 'crossref', 'type': 'proceedings-article', 'publication_date_parts': [2016], 'date_precision': 'year'}).date">tests\test_adapters.py:113: in test_crossref_lookup_parses_real_payload
    assert r.date is not None and r.date.year == 2016
E   AssertionError: assert (None is not None)
E    +  where None = SourceRecord(schema_version='0.3', source_id='doi:10.1109/cvpr.2016.90', canonical_uri='https://doi.org/10.1109/CVPR.2...ata={'adapter': 'crossref', 'type': 'proceedings-article', 'publication_date_parts': [2016], 'date_precision': 'year'}).date</failure></testcase><testcase classname="tests.test_adapters" name="test_arxiv_search_parses_atom_feed" time="0.001" /><testcase classname="tests.test_adapters" name="test_github_search_parses_payload" time="0.000" /><testcase classname="tests.test_adapters" name="test_webfetch_strips_html_like_extractor" time="0.001" /><testcase classname="tests.test_adapters" name="test_egress_denied_raises_before_any_request" time="0.000" /><testcase classname="tests.test_adapters" name="test_transport_error_surfaces_as_adapter_error" time="0.000" /><testcase classname="tests.test_agents_policy" name="test_base_and_specialist_roles_exist" time="0.001" /><testcase classname="tests.test_agents_policy" name="test_frontmatter_valid_and_only_supported_fields" time="0.002" /><testcase classname="tests.test_agents_policy" name="test_control_fields_declared_per_role" time="0.001" /><testcase classname="tests.test_agents_policy" name="test_read_only_policy_enforced" time="0.002" /><testcase classname="tests.test_agents_policy" name="test_skill_fields_point_to_existing_skills" time="0.001" /><testcase classname="tests.test_agents_policy" name="test_worktree_isolation_for_code_editors" time="0.001" /><testcase classname="tests.test_agents_policy" name="test_role_resolution_covers_all_agent_roles" time="0.001" /><testcase classname="tests.test_agents_policy" name="test_every_used_taskspec_role_resolves" time="0.001" /><testcase classname="tests.test_agents_policy" name="test_briefing_contains_guidance_context_mission" time="0.000" /><testcase classname="tests.test_agents_policy" name="test_exported_schema_includes_guidance" time="0.000" /><testcase classname="tests.test_claims_verification" name="test_split_compound_statement" time="0.000" /><testcase classname="tests.test_claims_verification" name="test_decompose_into_claims" time="0.000" /><testcase classname="tests.test_claims_verification" name="test_standing_supported_with_two_independent_families" time="0.000" /><testcase classname="tests.test_claims_verification" name="test_standing_single_source_is_not_supported" time="0.000" /><testcase classname="tests.test_claims_verification" name="test_standing_contradicted" time="0.000" /><testcase classname="tests.test_claims_verification" name="test_independent_support_count_collapses_family" time="0.000" /><testcase classname="tests.test_claims_verification" name="test_claim_coverage" time="0.000" /><testcase classname="tests.test_claims_verification" name="test_scan_prompt_injection" time="0.000" /><testcase classname="tests.test_claims_verification" name="test_source_trust_gate_flags_retraction" time="0.000" /><testcase classname="tests.test_claims_verification" name="test_detect_contradiction_type_numeric" time="0.000" /><testcase classname="tests.test_claims_verification" name="test_cluster_contradictions_merges_transitively" time="0.000" /><testcase classname="tests.test_claims_verification" name="test_minimum_new_search_rule" time="0.000" /><testcase classname="tests.test_claims_verification" name="test_falsification_plan_roles" time="0.000" /><testcase classname="tests.test_dag_scheduler" name="test_waves_are_topological" time="0.000" /><testcase classname="tests.test_dag_scheduler" name="test_cycle_detected" time="0.000" /><testcase classname="tests.test_dag_scheduler" name="test_double_owner_detected" time="0.000" /><testcase classname="tests.test_dag_scheduler" name="test_read_only_task_with_destructive_tool_flagged" time="0.000" /><testcase classname="tests.test_dag_scheduler" name="test_unresolved_dependency_detected" time="0.000" /><testcase classname="tests.test_dag_scheduler" name="test_scheduler_runs_dag_in_order" time="0.000" /><testcase classname="tests.test_dag_scheduler" name="test_scheduler_retries_then_fails" time="0.000" /><testcase classname="tests.test_dag_scheduler" name="test_scheduler_blocks_dependent_on_failure" time="0.000" /><testcase classname="tests.test_dag_scheduler" name="test_scheduler_rejects_missing_outputs" time="0.000" /><testcase classname="tests.test_dag_scheduler" name="test_max_workers_does_not_skip_ready_tasks" time="0.001" /><testcase classname="tests.test_dag_scheduler" name="test_plan_gate_blocks_cyclic_plan" time="0.000" /><testcase classname="tests.test_dag_scheduler" name="test_plan_gate_passes_valid_plan" time="0.000" /><testcase classname="tests.test_dag_scheduler" name="test_verify_depends_on_retrieve_in_retrieval_pipeline" time="0.000" /><testcase classname="tests.test_dag_scheduler" name="test_verify_never_starts_without_sources_when_retrieve_fails" time="0.000" /><testcase classname="tests.test_dag_scheduler" name="test_null_result_is_explicit_deterministic_failure" time="0.000" /><testcase classname="tests.test_dag_scheduler" name="test_retry_event_and_attempt_counts" time="0.000" /><testcase classname="tests.test_dag_scheduler" name="test_no_progress_flag_set_when_all_attempts_fail" time="0.000" /><testcase classname="tests.test_extractors" name="test_markdown_extractor_strips_syntax" time="0.004" /><testcase classname="tests.test_extractors" name="test_html_extractor_strips_tags_and_script" time="0.001" /><testcase classname="tests.test_extractors" name="test_code_passthrough_preserves_content" time="0.002" /><testcase classname="tests.test_extractors" name="test_pdf_extractor_fails_explicitly_without_pypdf" time="0.001" /><testcase classname="tests.test_extractors" name="test_scan_records_extraction_failures" time="0.002" /><testcase classname="tests.test_extractors" name="test_scan_uses_format_extractors" time="0.002" /><testcase classname="tests.test_extractors" name="test_extract_unknown_extension_raises" time="0.001" /><testcase classname="tests.test_native_hooks" name="test_registry_roundtrip" time="0.002" /><testcase classname="tests.test_native_hooks" name="test_registry_load_tolerates_corruption" time="0.002" /><testcase classname="tests.test_native_hooks" name="test_registry_sessions_are_isolated" time="0.002" /><testcase classname="tests.test_native_hooks" name="test_active_runs_zero" time="0.001" /><testcase classname="tests.test_native_hooks" name="test_active_runs_one" time="0.016" /><testcase classname="tests.test_native_hooks" name="test_active_runs_two" time="0.016" /><testcase classname="tests.test_native_hooks" name="test_cli_plan_session_id_binds" time="0.208" /><testcase classname="tests.test_native_hooks" name="test_cli_plan_without_session_id_writes_no_registry" time="0.205" /><testcase classname="tests.test_native_hooks" name="test_task_created_unbound_allows_with_note" time="0.171" /><testcase classname="tests.test_native_hooks" name="test_task_created_bound_matches_and_maps" time="0.201" /><testcase classname="tests.test_native_hooks" name="test_task_created_matches_subject_to_mission" time="0.202"><failure message="AssertionError: Traceback (most recent call last):&#10;    File &quot;&lt;string&gt;&quot;, line 1, in &lt;module&gt;&#10;      import json,sys;from kdrx.native_hooks import dispatch;d=dispatch(sys.argv[1],json.load(sys.stdin));print(d.model_dump_json(indent=2));sys.exit(2 if d.blocking() else 0)&#10;                                                               ~~~~~~~~^^^^^^^^^^^^^^^^^^^^^^^^^^^^^^^^^^&#10;    File &quot;C:\kimiswarm\src\kdrx\native_hooks.py&quot;, line 695, in dispatch&#10;      return _ADAPTERS[key](data)&#10;             ~~~~~~~~~~~~~~^^^^^^&#10;    File &quot;C:\kimiswarm\src\kdrx\native_hooks.py&quot;, line 372, in native_task_created&#10;      decision = hook_task_created(task)&#10;    File &quot;C:\kimiswarm\src\kdrx\hooks.py&quot;, line 73, in hook_task_created&#10;      task.budget.tokens &gt;= 0 and task.budget.queries &gt;= 0,&#10;                                  ^^^^^^^^^^^^^^^^^^^^^^^^&#10;  TypeError: '&gt;=' not supported between instances of 'NoneType' and 'int'&#10;  &#10;assert 1 == 0&#10; +  where 1 = CompletedProcess(args=['C:\\kimiswarm\\.venv\\Scripts\\python.exe', '-c', 'import json,sys;from kdrx.native_hooks impo...            ^^^^^^^^^^^^^^^^^^^^^^^^\nTypeError: \'&gt;=\' not supported between instances of \'NoneType\' and \'int\'\n').returncode">tests\test_native_hooks.py:284: in test_task_created_matches_subject_to_mission
    assert proc.returncode == 0, proc.stdout + proc.stderr
E   AssertionError: Traceback (most recent call last):
E       File "&lt;string&gt;", line 1, in &lt;module&gt;
E         import json,sys;from kdrx.native_hooks import dispatch;d=dispatch(sys.argv[1],json.load(sys.stdin));print(d.model_dump_json(indent=2));sys.exit(2 if d.blocking() else 0)
E                                                                  ~~~~~~~~^^^^^^^^^^^^^^^^^^^^^^^^^^^^^^^^^^
E       File "C:\kimiswarm\src\kdrx\native_hooks.py", line 695, in dispatch
E         return _ADAPTERS[key](data)
E                ~~~~~~~~~~~~~~^^^^^^
E       File "C:\kimiswarm\src\kdrx\native_hooks.py", line 372, in native_task_created
E         decision = hook_task_created(task)
E       File "C:\kimiswarm\src\kdrx\hooks.py", line 73, in hook_task_created
E         task.budget.tokens &gt;= 0 and task.budget.queries &gt;= 0,
E                                     ^^^^^^^^^^^^^^^^^^^^^^^^
E     TypeError: '&gt;=' not supported between instances of 'NoneType' and 'int'
E     
E   assert 1 == 0
E    +  where 1 = CompletedProcess(args=['C:\\kimiswarm\\.venv\\Scripts\\python.exe', '-c', 'import json,sys;from kdrx.native_hooks impo...            ^^^^^^^^^^^^^^^^^^^^^^^^\nTypeError: \'&gt;=\' not supported between instances of \'NoneType\' and \'int\'\n').returncode</failure></testcase><testcase classname="tests.test_native_hooks" name="test_task_created_bound_unknown_task_allows" time="0.194" /><testcase classname="tests.test_native_hooks" name="test_pre_tool_use_native_allows_read" time="0.171" /><testcase classname="tests.test_native_hooks" name="test_pre_tool_use_native_blocks_injection" time="0.170" /><testcase classname="tests.test_native_hooks" name="test_write_target_escapes_allows_absolute_harness_paths" time="0.001" /><testcase classname="tests.test_native_hooks" name="test_write_target_escapes_blocks_dotdot" time="0.000" /><testcase classname="tests.test_native_hooks" name="test_subagent_stop_unbound_allows_with_note" time="0.175" /><testcase classname="tests.test_native_hooks" name="test_subagent_stop_with_complete_artifact_allows" time="0.192" /><testcase classname="tests.test_native_hooks" name="test_subagent_stop_artifact_without_outputs_blocks" time="0.200" /><testcase classname="tests.test_native_hooks" name="test_subagent_stop_bound_without_artifact_blocks" time="0.204" /><testcase classname="tests.test_native_hooks" name="test_subagent_stop_bound_without_plan_blocks" time="0.176" /><testcase classname="tests.test_native_hooks" name="test_task_completed_with_covered_criteria_allows" time="0.181" /><testcase classname="tests.test_native_hooks" name="test_task_completed_without_artifact_blocks" time="0.193" /><testcase classname="tests.test_native_hooks" name="test_dispatch_unknown_hook_raises" time="0.001" /><testcase classname="tests.test_native_hooks" name="test_stop_two_bound_sessions_never_cross_runs" time="0.236" /><testcase classname="tests.test_native_hooks" name="test_stop_unbound_no_active_runs_allows" time="0.164" /><testcase classname="tests.test_native_hooks" name="test_stop_unbound_single_run_lazy_binds_and_gates" time="0.206" /><testcase classname="tests.test_native_hooks" name="test_stop_unbound_two_runs_blocks_ambiguous" time="0.204" /><testcase classname="tests.test_native_hooks" name="test_stop_missing_session_id_with_active_run_blocks" time="0.185" /><testcase classname="tests.test_native_hooks" name="test_stop_rejects_tampered_report" time="0.900" /><testcase classname="tests.test_native_hooks" name="test_stop_allows_complete_intact_run" time="0.884" /><testcase classname="tests.test_native_hooks" name="test_pre_tool_use_blocks_write_to_sealed_artifact" time="0.617" /><testcase classname="tests.test_native_hooks" name="test_pre_tool_use_allows_write_to_non_sealable_file" time="0.603" /><testcase classname="tests.test_native_hooks" name="test_pre_tool_use_unsealed_run_allows_write" time="0.190" /><testcase classname="tests.test_native_hooks" name="test_pre_tool_use_unbound_write_allows_degraded" time="0.183" /><testcase classname="tests.test_native_hooks" name="test_pre_tool_use_bash_is_exempt_from_seal_check" time="0.618" /><testcase classname="tests.test_native_hooks" name="test_stop_sealed_js_run_verifies_report_hash" time="0.645" /><testcase classname="tests.test_native_hooks" name="test_stop_sealed_js_run_tampered_report_blocks" time="0.666" /><testcase classname="tests.test_native_hooks" name="test_dispatcher_accepts_official_fixture[task_created]" time="0.184" /><testcase classname="tests.test_native_hooks" name="test_dispatcher_accepts_official_fixture[task_completed]" time="0.165" /><testcase classname="tests.test_native_hooks" name="test_dispatcher_accepts_official_fixture[subagent_stop]" time="0.175" /><testcase classname="tests.test_native_hooks" name="test_dispatcher_accepts_official_fixture[stop]" time="0.179" /><testcase classname="tests.test_native_hooks" name="test_dispatcher_accepts_official_fixture[pre_tool_use]" time="0.166" /><testcase classname="tests.test_native_hooks" name="test_dispatcher_never_keyerrors_native_payload[empty-task_created]" time="0.169" /><testcase classname="tests.test_native_hooks" name="test_dispatcher_never_keyerrors_native_payload[empty-task_completed]" time="0.167" /><testcase classname="tests.test_native_hooks" name="test_dispatcher_never_keyerrors_native_payload[empty-subagent_stop]" time="0.182" /><testcase classname="tests.test_native_hooks" name="test_dispatcher_never_keyerrors_native_payload[empty-stop]" time="0.168" /><testcase classname="tests.test_native_hooks" name="test_dispatcher_never_keyerrors_native_payload[empty-pre_tool_use]" time="0.166" /><testcase classname="tests.test_native_hooks" name="test_dispatcher_never_keyerrors_native_payload[no_session_id-task_created]" time="0.174" /><testcase classname="tests.test_native_hooks" name="test_dispatcher_never_keyerrors_native_payload[no_session_id-task_completed]" time="0.178" /><testcase classname="tests.test_native_hooks" name="test_dispatcher_never_keyerrors_native_payload[no_session_id-subagent_stop]" time="0.176" /><testcase classname="tests.test_native_hooks" name="test_dispatcher_never_keyerrors_native_payload[no_session_id-stop]" time="0.168" /><testcase classname="tests.test_native_hooks" name="test_dispatcher_never_keyerrors_native_payload[no_session_id-pre_tool_use]" time="0.180" /><testcase classname="tests.test_native_hooks" name="test_dispatcher_never_keyerrors_native_payload[no_task_id-task_created]" time="0.165" /><testcase classname="tests.test_native_hooks" name="test_dispatcher_never_keyerrors_native_payload[no_task_id-task_completed]" time="0.170" /><testcase classname="tests.test_native_hooks" name="test_dispatcher_never_keyerrors_native_payload[no_task_id-subagent_stop]" time="0.182" /><testcase classname="tests.test_native_hooks" name="test_dispatcher_never_keyerrors_native_payload[no_task_id-stop]" time="0.166" /><testcase classname="tests.test_native_hooks" name="test_dispatcher_never_keyerrors_native_payload[no_task_id-pre_tool_use]" time="0.165" /><testcase classname="tests.test_native_hooks" name="test_dispatcher_never_keyerrors_native_payload[null_task_id-task_created]" time="0.168" /><testcase classname="tests.test_native_hooks" name="test_dispatcher_never_keyerrors_native_payload[null_task_id-task_completed]" time="0.175" /><testcase classname="tests.test_native_hooks" name="test_dispatcher_never_keyerrors_native_payload[null_task_id-subagent_stop]" time="0.168" /><testcase classname="tests.test_native_hooks" name="test_dispatcher_never_keyerrors_native_payload[null_task_id-stop]" time="0.166" /><testcase classname="tests.test_native_hooks" name="test_dispatcher_never_keyerrors_native_payload[null_task_id-pre_tool_use]" time="0.187" /><testcase classname="tests.test_native_hooks" name="test_dispatcher_never_keyerrors_native_payload[wrong_type_session_id-task_created]" time="0.167" /><testcase classname="tests.test_native_hooks" name="test_dispatcher_never_keyerrors_native_payload[wrong_type_session_id-task_completed]" time="0.169" /><testcase classname="tests.test_native_hooks" name="test_dispatcher_never_keyerrors_native_payload[wrong_type_session_id-subagent_stop]" time="0.168" /><testcase classname="tests.test_native_hooks" name="test_dispatcher_never_keyerrors_native_payload[wrong_type_session_id-stop]" time="0.167" /><testcase classname="tests.test_native_hooks" name="test_dispatcher_never_keyerrors_native_payload[wrong_type_session_id-pre_tool_use]" time="0.167" /><testcase classname="tests.test_native_hooks" name="test_dispatcher_never_keyerrors_native_payload[null_tool_input-task_created]" time="0.177" /><testcase classname="tests.test_native_hooks" name="test_dispatcher_never_keyerrors_native_payload[null_tool_input-task_completed]" time="0.190" /><testcase classname="tests.test_native_hooks" name="test_dispatcher_never_keyerrors_native_payload[null_tool_input-subagent_stop]" time="0.168" /><testcase classname="tests.test_native_hooks" name="test_dispatcher_never_keyerrors_native_payload[null_tool_input-stop]" time="0.168" /><testcase classname="tests.test_native_hooks" name="test_dispatcher_never_keyerrors_native_payload[null_tool_input-pre_tool_use]" time="0.173" /><testcase classname="tests.test_native_hooks" name="test_dispatcher_never_keyerrors_native_payload[extra_fields-task_created]" time="0.193" /><testcase classname="tests.test_native_hooks" name="test_dispatcher_never_keyerrors_native_payload[extra_fields-task_completed]" time="0.174" /><testcase classname="tests.test_native_hooks" name="test_dispatcher_never_keyerrors_native_payload[extra_fields-subagent_stop]" time="0.173" /><testcase classname="tests.test_native_hooks" name="test_dispatcher_never_keyerrors_native_payload[extra_fields-stop]" time="0.166" /><testcase classname="tests.test_native_hooks" name="test_dispatcher_never_keyerrors_native_payload[extra_fields-pre_tool_use]" time="0.164" /><testcase classname="tests.test_native_hooks" name="test_dispatcher_wrong_shape_registry_never_tracebacks[[1,2]]" time="0.163" /><testcase classname="tests.test_native_hooks" name="test_dispatcher_wrong_shape_registry_never_tracebacks[&quot;scalar&quot;]" time="0.164" /><testcase classname="tests.test_native_hooks" name="test_dispatcher_wrong_shape_registry_never_tracebacks[{&quot;sessions&quot;: [1,2]}]" time="0.169" /><testcase classname="tests.test_native_hooks" name="test_dispatcher_malformed_json_stdin[task_created]" time="0.161" /><testcase classname="tests.test_native_hooks" name="test_dispatcher_malformed_json_stdin[task_completed]" time="0.166" /><testcase classname="tests.test_native_hooks" name="test_dispatcher_malformed_json_stdin[subagent_stop]" time="0.175" /><testcase classname="tests.test_native_hooks" name="test_dispatcher_malformed_json_stdin[stop]" time="0.162" /><testcase classname="tests.test_native_hooks" name="test_dispatcher_malformed_json_stdin[pre_tool_use]" time="0.164" /><testcase classname="tests.test_native_hooks" name="test_dispatcher_non_dict_json_stdin[123]" time="0.166" /><testcase classname="tests.test_native_hooks" name="test_dispatcher_non_dict_json_stdin[[1, 2]]" time="0.166" /><testcase classname="tests.test_phase10_monitor" name="test_delta_detects_added_changed_removed" time="0.006" /><testcase classname="tests.test_phase10_monitor" name="test_saved_query_store_roundtrip" time="0.002" /><testcase classname="tests.test_phase10_monitor" name="test_cli_monitor_full_flow" time="0.012" /><testcase classname="tests.test_phase10_monitor" name="test_retraction_alert_invalidates_dependent_claims" time="0.000" /><testcase classname="tests.test_phase10_monitor" name="test_alert_only_fires_on_status_change" time="0.001" /><testcase classname="tests.test_phase10_monitor" name="test_recompute_standings_detects_change_without_mutating" time="0.001" /><testcase classname="tests.test_phase10_monitor" name="test_diff_reports_captures_all_change_kinds" time="0.000" /><testcase classname="tests.test_phase10_monitor" name="test_diff_reports_identical_is_clean" time="0.000" /><testcase classname="tests.test_phase10_monitor" name="test_learning_full_path_promotes" time="0.001" /><testcase classname="tests.test_phase10_monitor" name="test_learning_NEVER_promotes_without_eval" time="0.000" /><testcase classname="tests.test_phase10_monitor" name="test_learning_eval_failure_blocks_everything_downstream" time="0.000" /><testcase classname="tests.test_phase10_monitor" name="test_learning_canary_failure_blocks_promotion" time="0.000" /><testcase classname="tests.test_phase10_monitor" name="test_learning_unknown_candidate_raises" time="0.000" /><testcase classname="tests.test_phase4_resume" name="test_manifest_transitions_and_hash_seal" time="0.336" /><testcase classname="tests.test_phase4_resume" name="test_completion_fails_persisted_on_task_error" time="0.110" /><testcase classname="tests.test_phase4_resume" name="test_resume_skips_completed_tasks" time="0.384" /><testcase classname="tests.test_phase4_resume" name="test_resume_detects_hash_tampering" time="0.309" /><testcase classname="tests.test_phase4_resume" name="test_atomic_writes_leave_no_tmp" time="0.015" /><testcase classname="tests.test_phase4_resume" name="test_path_escape_blocked" time="0.013" /><testcase classname="tests.test_phase4_resume" name="test_delivery_manifest_has_real_artifacts" time="0.275" /><testcase classname="tests.test_phase4_resume" name="test_gate_severity_semantics" time="0.000" /><testcase classname="tests.test_phase4_resume" name="test_source_trust_coi_only_is_warn_not_fail" time="0.000" /><testcase classname="tests.test_phase4_resume" name="test_source_trust_missing_identity_blocks" time="0.000" /><testcase classname="tests.test_phase4_resume" name="test_empty_corpus_does_not_succeed" time="0.113" /><testcase classname="tests.test_phase4_resume" name="test_default_runs_root_layout" time="0.025" /><testcase classname="tests.test_phase5_retrieval" name="test_spans_are_verbatim_with_exact_char_offsets" time="0.003" /><testcase classname="tests.test_phase5_retrieval" name="test_spans_preserve_casing_and_punctuation" time="0.003" /><testcase classname="tests.test_phase5_retrieval" name="test_spans_have_line_numbers" time="0.003" /><testcase classname="tests.test_phase5_retrieval" name="test_fused_search_is_deterministic" time="0.003" /><testcase classname="tests.test_phase5_retrieval" name="test_fused_search_breakdown_reports_channels" time="0.003" /><testcase classname="tests.test_phase5_retrieval" name="test_zero_weights_reduce_to_bm25_order" time="0.003" /><testcase classname="tests.test_phase5_retrieval" name="test_fusion_recalls_typo_doc_bm25_misses" time="0.003" /><testcase classname="tests.test_phase5_retrieval" name="test_query_graph_drives_pipeline_and_persists" time="0.318" /><testcase classname="tests.test_phase5_retrieval" name="test_saturation_stops_before_exhausting_nodes" time="0.285"><failure message="AssertionError: assert 'continue' == 'saturated'&#10;  &#10;  - saturated&#10;  + continue">tests\test_phase5_retrieval.py:186: in test_saturation_stops_before_exhausting_nodes
    assert qg["decision"]["reason"] == "saturated"
E   AssertionError: assert 'continue' == 'saturated'
E     
E     - saturated
E     + continue</failure></testcase><testcase classname="tests.test_phase5_retrieval" name="test_pipeline_collapses_duplicate_sources" time="0.286" /><testcase classname="tests.test_phase6_sourcetrust" name="test_doi_resolver_live_success" time="0.000" /><testcase classname="tests.test_phase6_sourcetrust" name="test_fabricated_doi_detected" time="0.000" /><testcase classname="tests.test_phase6_sourcetrust" name="test_record_doi_extraction" time="0.000" /><testcase classname="tests.test_phase6_sourcetrust" name="test_cache_short_circuits_http_when_fresh" time="0.000" /><testcase classname="tests.test_phase6_sourcetrust" name="test_stale_cache_answers_during_outage" time="0.000" /><testcase classname="tests.test_phase6_sourcetrust" name="test_outage_without_cache_fails_resolution" time="0.000" /><testcase classname="tests.test_phase6_sourcetrust" name="test_crossref_update_to_marks_retraction" time="0.000" /><testcase classname="tests.test_phase6_sourcetrust" name="test_live_retraction_blocks" time="0.000" /><testcase classname="tests.test_phase6_sourcetrust" name="test_version_check_flags_content_change" time="0.000" /><testcase classname="tests.test_phase6_sourcetrust" name="test_date_consistency_check" time="0.000" /><testcase classname="tests.test_phase6_sourcetrust" name="test_policy_registry_longest_suffix_match" time="0.000" /><testcase classname="tests.test_phase6_sourcetrust" name="test_domain_policy_drives_currency_window" time="0.000" /><testcase classname="tests.test_phase6_sourcetrust" name="test_dimension_checks_pass_for_consistent_record" time="0.000" /><testcase classname="tests.test_phase6_sourcetrust" name="test_dimension_checks_fail_on_metadata_mismatch" time="0.000" /><testcase classname="tests.test_phase6_sourcetrust" name="test_coi_metadata_mismatch_fails" time="0.000" /><testcase classname="tests.test_phase6_sourcetrust" name="test_gate_includes_currency_check" time="0.000" /><testcase classname="tests.test_phase6_sourcetrust" name="test_file_corpus_populates_identity_and_markdown_type" time="0.003" /><testcase classname="tests.test_phase6_sourcetrust" name="test_fabricated_doi_fails_gate" time="0.000" /><testcase classname="tests.test_phase6_sourcetrust" name="test_doi_misdirection_is_critical_and_blocks" time="0.000" /><testcase classname="tests.test_phase6_sourcetrust" name="test_pipeline_blocks_on_doi_misdirection" time="0.021" /><testcase classname="tests.test_phase7_claims" name="test_compound_statement_decomposes" time="0.000" /><testcase classname="tests.test_phase7_claims" name="test_atomic_statement_keeps_base_id" time="0.000" /><testcase classname="tests.test_phase7_claims" name="test_scope_extraction" time="0.000" /><testcase classname="tests.test_phase7_claims" name="test_falsifiability_requires_assertion" time="0.000" /><testcase classname="tests.test_phase7_claims" name="test_entailment_full_vs_partial" time="0.000" /><testcase classname="tests.test_phase7_claims" name="test_entailment_numeric_mismatch_capped" time="0.000" /><testcase classname="tests.test_phase7_claims" name="test_classify_full_support_and_qualifies" time="0.001" /><testcase classname="tests.test_phase7_claims" name="test_scope_mismatch_yields_qualifies" time="0.000" /><testcase classname="tests.test_phase7_claims" name="test_numeric_disagreement_with_overlap_contradicts" time="0.000" /><testcase classname="tests.test_phase7_claims" name="test_low_entailment_context_or_irrelevant" time="0.000" /><testcase classname="tests.test_phase7_claims" name="test_discovery_finds_numeric_and_polarity_pairs" time="0.000" /><testcase classname="tests.test_phase7_claims" name="test_pipeline_discovers_contradictions_end_to_end" time="0.271" /><testcase classname="tests.test_phase7_claims" name="test_counterevidence_search_finds_numeric_disagreement" time="0.002" /><testcase classname="tests.test_phase7_claims" name="test_counterevidence_artifact_written" time="0.273" /><testcase classname="tests.test_phase7_claims" name="test_derived_scores_vary_with_inputs" time="0.000" /><testcase classname="tests.test_phase7_claims" name="test_independence_scales_with_family_size" time="0.000" /><testcase classname="tests.test_phase7_claims" name="test_source_quality_score_derived" time="0.000" /><testcase classname="tests.test_phase7_claims" name="test_unresolved_registry_and_report_disclosure" time="0.285"><failure message="AssertionError: claim sem span deveria ir para o registry&#10;assert []">tests\test_phase7_claims.py:281: in test_unresolved_registry_and_report_disclosure
    assert registry, "claim sem span deveria ir para o registry"
E   AssertionError: claim sem span deveria ir para o registry
E   assert []</failure></testcase><testcase classname="tests.test_phase8_reportswarm" name="test_council_generates_outline_in_rounds" time="0.000" /><testcase classname="tests.test_phase8_reportswarm" name="test_council_converges_and_logs_each_round" time="0.000" /><testcase classname="tests.test_phase8_reportswarm" name="test_section_dag_parallelizes_body_and_serializes_late" time="0.000" /><testcase classname="tests.test_phase8_reportswarm" name="test_section_packs_are_minimal" time="0.000" /><testcase classname="tests.test_phase8_reportswarm" name="test_reviewer_catches_and_fixer_removes_unsupported_sentence" time="0.000" /><testcase classname="tests.test_phase8_reportswarm" name="test_transition_editor_bridges_sections" time="0.000" /><testcase classname="tests.test_phase8_reportswarm" name="test_late_sections_generated_last" time="0.001" /><testcase classname="tests.test_phase8_reportswarm" name="test_citation_manager_no_orphans_no_dangling" time="0.001" /><testcase classname="tests.test_phase8_reportswarm" name="test_orphan_and_dangling_detected" time="0.000" /><testcase classname="tests.test_phase8_reportswarm" name="test_omitted_material_claim_blocks" time="0.001" /><testcase classname="tests.test_phase8_reportswarm" name="test_citation_entailment_checked_in_gate" time="0.001" /><testcase classname="tests.test_phase8_reportswarm" name="test_dangling_reference_fails_gate" time="0.001" /><testcase classname="tests.test_phase8_reportswarm" name="test_integrity_blocks_pipeline_when_claim_omitted" time="0.319" /><testcase classname="tests.test_phase8_reportswarm" name="test_swarm_artifacts_persisted" time="0.295" /><testcase classname="tests.test_phase9b_evals" name="test_builtin_cases_have_disjoint_splits" time="0.000" /><testcase classname="tests.test_phase9b_evals" name="test_builtin_case_split_tags_and_filter" time="0.000" /><testcase classname="tests.test_phase9b_evals" name="test_unknown_split_rejected" time="0.000" /><testcase classname="tests.test_phase9b_evals" name="test_per_kind_metrics_aggregation" time="0.000" /><testcase classname="tests.test_phase9b_evals" name="test_gate_zero_critical_miss" time="0.000" /><testcase classname="tests.test_phase9b_evals" name="test_gate_per_kind_thresholds_and_version" time="0.000" /><testcase classname="tests.test_phase9b_evals" name="test_gate_passes_on_perfect_detection" time="0.000" /><testcase classname="tests.test_phase9b_evals" name="test_multi_trial_reports_all_trials" time="0.001" /><testcase classname="tests.test_phase9b_evals" name="test_multi_trial_requires_positive_trials" time="0.001" /><testcase classname="tests.test_phase9b_evals" name="test_deepresearch_bench_adapter_roundtrip" time="0.000" /><testcase classname="tests.test_phase9b_evals" name="test_kimi_replay_adapter_roundtrip" time="0.000" /><testcase classname="tests.test_phase9b_evals" name="test_kimi_replay_rejects_unknown_event" time="0.000" /><testcase classname="tests.test_phase9b_evals" name="test_heldout_run_only_touches_heldout" time="0.000" /><testcase classname="tests.test_phase9b_evals" name="test_cli_eval_modes" time="0.010" /><testcase classname="tests.test_plan_regressions" name="test_run_ids_do_not_collide" time="0.007" /><testcase classname="tests.test_plan_regressions" name="test_run_id_rejects_unsafe_components[../x]" time="0.002" /><testcase classname="tests.test_plan_regressions" name="test_run_id_rejects_unsafe_components[../../x]" time="0.002" /><testcase classname="tests.test_plan_regressions" name="test_run_id_rejects_unsafe_components[/x]" time="0.002" /><testcase classname="tests.test_plan_regressions" name="test_run_id_rejects_unsafe_components[C:\\x]" time="0.002" /><testcase classname="tests.test_plan_regressions" name="test_run_id_rejects_unsafe_components[a/b]" time="0.002" /><testcase classname="tests.test_plan_regressions" name="test_run_id_rejects_unsafe_components[a\\b]" time="0.001" /><testcase classname="tests.test_plan_regressions" name="test_run_id_rejects_unsafe_components[..]" time="0.001" /><testcase classname="tests.test_plan_regressions" name="test_run_id_rejects_unsafe_components[CON]" time="0.001" /><testcase classname="tests.test_plan_regressions" name="test_run_id_rejects_unsafe_components[x.]" time="0.001" /><testcase classname="tests.test_plan_regressions" name="test_scaffold_is_exclusive" time="0.021" /><testcase classname="tests.test_plan_regressions" name="test_scheduler_rejects_other_task" time="0.000" /><testcase classname="tests.test_plan_regressions" name="test_citations_round_trip_legacy_ids[file:sub dir/a\xe7\xe3o.txt]" time="0.000" /><testcase classname="tests.test_plan_regressions" name="test_citations_round_trip_legacy_ids[https://example.org/a?q=x&amp;ref=v1]" time="0.001" /><testcase classname="tests.test_plan_regressions" name="test_citations_round_trip_legacy_ids[doi:10.1234/abc]" time="0.001" /><testcase classname="tests.test_plan_regressions" name="test_empty_report_fails" time="0.001" /><testcase classname="tests.test_plan_regressions" name="test_malformed_citation_fails" time="0.000" /><testcase classname="tests.test_plan_regressions" name="test_negation_does_not_support_claim" time="0.000" /><testcase classname="tests.test_plan_regressions" name="test_openalex_nullable_source" time="0.000" /><testcase classname="tests.test_plan_regressions" name="test_crossref_preserves_full_date" time="0.000" /><testcase classname="tests.test_plan_regressions" name="test_semantic_url_parameters_are_not_dropped" time="0.000" /><testcase classname="tests.test_plan_regressions" name="test_deep_dag_does_not_recurse" time="0.016" /><testcase classname="tests.test_plan_regressions" name="test_claims_use_exact_distinct_spans" time="0.035" /><testcase classname="tests.test_plan_regressions" name="test_partial_resume_in_fresh_process" time="0.517" /><testcase classname="tests.test_plan_regressions" name="test_resume_rejects_tampered_artifact" time="0.349" /><testcase classname="tests.test_plan_regressions" name="test_execute_rejects_plan_drift" time="0.023" /><testcase classname="tests.test_plan_regressions" name="test_missing_outputs_do_not_commit" time="0.072" /><testcase classname="tests.test_plan_regressions" name="test_report_hash_is_frozen_at_verification" time="0.353" /><testcase classname="tests.test_plugin_cli" name="test_plugin_manifest_paths_exist" time="0.001" /><testcase classname="tests.test_plugin_cli" name="test_hooks_json_registers_all_events" time="0.000" /><testcase classname="tests.test_plugin_cli" name="test_plugin_hooks_field_points_to_hooks_json" time="0.000" /><testcase classname="tests.test_plugin_cli" name="test_dispatcher_runs_from_foreign_cwd" time="0.164" /><testcase classname="tests.test_plugin_cli" name="test_pre_tool_use_blocks_forbidden_command" time="0.160" /><testcase classname="tests.test_plugin_cli" name="test_pre_tool_use_allows_read" time="0.162" /><testcase classname="tests.test_plugin_cli" name="test_task_created_blocks_task_without_mission" time="0.163" /><testcase classname="tests.test_plugin_cli" name="test_task_created_allows_valid_task" time="0.162" /><testcase classname="tests.test_plugin_cli" name="test_unknown_hook_blocks" time="0.165" /><testcase classname="tests.test_plugin_cli" name="test_stop_without_active_run_allows" time="0.174" /><testcase classname="tests.test_plugin_cli" name="test_stop_blocks_incomplete_run_and_allows_complete" time="0.988" /><testcase classname="tests.test_plugin_cli" name="test_cli_plan_run_verify_report_flow" time="1.033" /><testcase classname="tests.test_plugin_cli" name="test_cli_run_requires_plan" time="0.183" /><testcase classname="tests.test_plugin_cli" name="test_cli_monitor_requires_corpus" time="0.159" /><testcase classname="tests.test_plugin_cli" name="test_cli_doctor_in_foreign_repo" time="0.166" /><testcase classname="tests.test_plugin_cli" name="test_cli_hook_blocking_exit_code_is_two" time="0.163" /><testcase classname="tests.test_plugin_cli" name="test_cli_hook_pre_tool_use_blocks_sealed_path" time="0.165" /><testcase classname="tests.test_plugin_cli" name="test_cli_hook_stdin_dispatch" time="0.354" /><testcase classname="tests.test_plugin_cli" name="test_import_plan_hash_equality_chain" time="0.604" /><testcase classname="tests.test_plugin_cli" name="test_import_plan_field_round_trip" time="0.422" /><testcase classname="tests.test_plugin_cli" name="test_import_plan_malformed_json_exit_3" time="0.383" /><testcase classname="tests.test_plugin_cli" name="test_import_plan_extra_field_forbidden_exit_3" time="0.397" /><testcase classname="tests.test_plugin_cli" name="test_import_plan_wrong_contract_id_exit_4" time="0.403" /><testcase classname="tests.test_plugin_cli" name="test_import_plan_critical_task_without_reviewer_exit_1" time="0.385" /><testcase classname="tests.test_plugin_cli" name="test_import_plan_failed_imports_leave_plan_untouched" time="0.753" /><testcase classname="tests.test_plugin_cli" name="test_import_plan_after_run_exit_4" time="0.861" /><testcase classname="tests.test_plugin_cli" name="test_import_plan_dispositions_persist_and_validate" time="0.644" /><testcase classname="tests.test_plugin_cli" name="test_import_plan_warns_unknown_task_ids" time="0.404" /><testcase classname="tests.test_plugin_cli" name="test_plan_objective_file_preserves_quotes_newlines" time="0.206" /><testcase classname="tests.test_plugin_cli" name="test_resume_with_corrupted_plan_exit_1" time="0.396" /><testcase classname="tests.test_plugin_cli" name="test_verify_emits_plan_dag_and_run_scaffold_note" time="0.904" /><testcase classname="tests.test_plugin_cli" name="test_seal_js_style_run_end_to_end" time="0.468" /><testcase classname="tests.test_plugin_cli" name="test_seal_report_crlf_hash_matches_bytes" time="0.444" /><testcase classname="tests.test_plugin_cli" name="test_seal_gate_fail_writes_verdicts_but_not_seal" time="0.403" /><testcase classname="tests.test_plugin_cli" name="test_seal_missing_report_exit_2" time="0.415" /><testcase classname="tests.test_plugin_cli" name="test_seal_corrupted_plan_exit_3" time="0.392" /><testcase classname="tests.test_plugin_cli" name="test_seal_missing_sources_exit_2" time="0.403" /><testcase classname="tests.test_plugin_cli" name="test_seal_idempotent_reseal_same_hash" time="0.707" /><testcase classname="tests.test_plugin_cli" name="test_seal_reseal_after_edit_new_hash" time="0.712" /><testcase classname="tests.test_plugin_cli" name="test_seal_python_run_idempotent" time="1.199" /><testcase classname="tests.test_plugin_selfcontained" name="test_manifest_declares_all_agents" time="0.001" /><testcase classname="tests.test_plugin_selfcontained" name="test_manifest_paths_prefixed" time="0.000" /><testcase classname="tests.test_plugin_selfcontained" name="test_manifest_paths_exist" time="0.001" /><testcase classname="tests.test_plugin_selfcontained" name="test_doctor_in_repo_passes" time="0.164" /><testcase classname="tests.test_plugin_selfcontained" name="test_doctor_foreign_repo_warns" time="0.163" /><testcase classname="tests.test_plugin_selfcontained" name="test_doctor_manifest_mismatch_fails" time="0.196" /><testcase classname="tests.test_plugin_selfcontained" name="test_doctor_role_resolution_broken_target_fails" time="0.197" /><testcase classname="tests.test_plugin_selfcontained" name="test_version_parity" time="0.001" /><testcase classname="tests.test_plugin_selfcontained" name="test_package_reproducible" time="0.147" /><testcase classname="tests.test_plugin_selfcontained" name="test_hook_exec_form_from_foreign_project" time="0.443" /><testcase classname="tests.test_repo_hygiene" name="test_tree_contains_only_product" time="0.023" /><testcase classname="tests.test_repo_hygiene" name="test_no_forbidden_paths_in_tree" time="0.029" /><testcase classname="tests.test_repo_hygiene" name="test_detector_catches_planted_paths" time="0.000" /><testcase classname="tests.test_repo_hygiene" name="test_detector_passes_on_clean_tree" time="0.000" /><testcase classname="tests.test_reporting_evals_analysis_artifact" name="test_extract_citations" time="0.000" /><testcase classname="tests.test_reporting_evals_analysis_artifact" name="test_unsupported_sentence_detector" time="0.000" /><testcase classname="tests.test_reporting_evals_analysis_artifact" name="test_unsupported_sentence_flags_number_without_backing" time="0.000" /><testcase classname="tests.test_reporting_evals_analysis_artifact" name="test_citation_integrity_gate_passes_backed_report" time="0.001" /><testcase classname="tests.test_reporting_evals_analysis_artifact" name="test_citation_integrity_gate_flags_unknown_citation" time="0.000" /><testcase classname="tests.test_reporting_evals_analysis_artifact" name="test_report_assembler_builds_references" time="0.000" /><testcase classname="tests.test_reporting_evals_analysis_artifact" name="test_builtin_cases_all_pass" time="0.001" /><testcase classname="tests.test_reporting_evals_analysis_artifact" name="test_run_case_recall_precision" time="0.000" /><testcase classname="tests.test_reporting_evals_analysis_artifact" name="test_contradiction_eval_has_no_label_leakage" time="0.000" /><testcase classname="tests.test_reporting_evals_analysis_artifact" name="test_contradiction_pairs_inferred_from_content" time="0.000" /><testcase classname="tests.test_reporting_evals_analysis_artifact" name="test_contradiction_inference_respects_scope" time="0.000" /><testcase classname="tests.test_reporting_evals_analysis_artifact" name="test_contradiction_inference_ignores_numberless_claims" time="0.000" /><testcase classname="tests.test_reporting_evals_analysis_artifact" name="test_calculation_reproducible" time="0.000" /><testcase classname="tests.test_reporting_evals_analysis_artifact" name="test_calculation_ledger_verify_all" time="0.000" /><testcase classname="tests.test_reporting_evals_analysis_artifact" name="test_seal_and_verify" time="0.004" /><testcase classname="tests.test_reporting_evals_analysis_artifact" name="test_seal_artifact_from_bytes" time="0.000" /><testcase classname="tests.test_reporting_evals_analysis_artifact" name="test_exploration_tree_observed_vs_inferred" time="0.000" /><testcase classname="tests.test_runner" name="test_run_file_research_end_to_end" time="0.311" /><testcase classname="tests.test_runner" name="test_run_file_research_blocks_on_bad_plan" time="0.285" /><testcase classname="tests.test_runner" name="test_run_dir_persists_real_outputs_per_task" time="0.291" /><testcase classname="tests.test_runner" name="test_prepare_run_dir_writes_scaffold_provenance" time="0.022" /><testcase classname="tests.test_runner" name="test_import_plan_into_run_happy_path" time="0.038" /><testcase classname="tests.test_runner" name="test_import_plan_identity_mismatch_blocks" time="0.017" /><testcase classname="tests.test_runner" name="test_import_plan_after_execution_is_forbidden" time="0.019" /><testcase classname="tests.test_runner" name="test_execute_plan_delivery_manifest_has_verified_report_hash" time="0.297" /><testcase classname="tests.test_runner" name="test_unresolved_critical_claims_filters_critical_unresolved" time="0.002" /><testcase classname="tests.test_runner" name="test_seal_delivery_persists_produced_by_and_gate_timestamps" time="0.024" /><testcase classname="tests.test_schemas" name="test_all_15_canonical_schemas_present" time="0.000" /><testcase classname="tests.test_schemas" name="test_contract_round_trip" time="0.000" /><testcase classname="tests.test_schemas" name="test_extra_fields_are_forbidden" time="0.000" /><testcase classname="tests.test_schemas" name="test_gate_compose_pass_and_fail" time="0.000" /><testcase classname="tests.test_schemas" name="test_gate_compose_warn_is_pass" time="0.000" /><testcase classname="tests.test_schemas" name="test_export_json_schemas" time="0.025" /><testcase classname="tests.test_security_hooks" name="test_scan_secrets_detects_keys" time="0.000" /><testcase classname="tests.test_security_hooks" name="test_scan_secrets_in_file" time="0.003" /><testcase classname="tests.test_security_hooks" name="test_is_within_and_safe_join" time="0.002" /><testcase classname="tests.test_security_hooks" name="test_path_traversal_attempt" time="0.000" /><testcase classname="tests.test_security_hooks" name="test_egress_allowed" time="0.000" /><testcase classname="tests.test_security_hooks" name="test_security_gate_flags_secret" time="0.003" /><testcase classname="tests.test_security_hooks" name="test_hook_task_created_requires_owner" time="0.000"><failure message="TypeError: '&gt;=' not supported between instances of 'NoneType' and 'int'">tests\test_security_hooks.py:94: in test_hook_task_created_requires_owner
    assert hook_task_created(_task(owner="")).blocking()
           ^^^^^^^^^^^^^^^^^^^^^^^^^^^^^^^^^^
src\kdrx\hooks.py:73: in hook_task_created
    task.budget.tokens &gt;= 0 and task.budget.queries &gt;= 0,
                                ^^^^^^^^^^^^^^^^^^^^^^^^
E   TypeError: '&gt;=' not supported between instances of 'NoneType' and 'int'</failure></testcase><testcase classname="tests.test_security_hooks" name="test_hook_pre_tool_use_blocks_traversal" time="0.001" /><testcase classname="tests.test_security_hooks" name="test_hook_pre_tool_use_blocks_unauthorized" time="0.000" /><testcase classname="tests.test_security_hooks" name="test_hook_subagent_stop_requires_outputs" time="0.000" /><testcase classname="tests.test_security_hooks" name="test_hook_stop_requires_clean_delivery" time="0.000" /><testcase classname="tests.test_state_corpus_retrieval" name="test_scaffold_creates_canonical_tree" time="0.011" /><testcase classname="tests.test_state_corpus_retrieval" name="test_events_append_only" time="0.013" /><testcase classname="tests.test_state_corpus_retrieval" name="test_snapshot_and_verify_hashes" time="0.060" /><testcase classname="tests.test_state_corpus_retrieval" name="test_hash_file" time="0.002" /><testcase classname="tests.test_state_corpus_retrieval" name="test_canonicalize_url_strips_tracking" time="0.000" /><testcase classname="tests.test_state_corpus_retrieval" name="test_normalize_doi" time="0.000" /><testcase classname="tests.test_state_corpus_retrieval" name="test_dedupe_exact_by_content_hash" time="0.000" /><testcase classname="tests.test_state_corpus_retrieval" name="test_independence_families_collapse_syndication" time="0.000" /><testcase classname="tests.test_state_corpus_retrieval" name="test_bm25_ranks_relevant_doc_first" time="0.000" /><testcase classname="tests.test_state_corpus_retrieval" name="test_file_corpus_search" time="0.002" /><testcase classname="tests.test_state_corpus_retrieval" name="test_query_graph_parent_child" time="0.000" /><testcase classname="tests.test_state_corpus_retrieval" name="test_stopping_criterion_saturates" time="0.000" /><testcase classname="tests.test_state_corpus_retrieval" name="test_stopping_criterion_budget_ceiling" time="0.000" /><testcase classname="tests.test_workflows" name="test_all_workflows_present_and_guarded_input" time="0.001" /><testcase classname="tests.test_workflows" name="test_no_runtime_forbidden_constructs" time="0.001" /><testcase classname="tests.test_workflows" name="test_null_results_handled_explicitly" time="0.001" /><testcase classname="tests.test_workflows" name="test_expected_structure_per_workflow" time="0.001" /><testcase classname="tests.test_workflows" name="test_kdr_plan_fans_out_all_five_planners_and_pipeline_run" time="0.000" /><testcase classname="tests.test_workflows" name="test_python_boundary_respected" time="0.001" /><testcase classname="tests.test_workflows" name="test_plugin_manifest_declares_workflows" time="0.000" /><testcase classname="tests.test_workflows" name="test_workflow_bodies_compile_as_runtime_dialect" time="0.143" /><testcase classname="tests.test_workflows" name="test_kdr_plan_review_gate_repair_bound_and_import" time="0.001" /><testcase classname="tests.test_workflows" name="test_kdr_deep_research_verify_report_seal_order" time="0.000" /><testcase classname="tests.test_workflows" name="test_kdr_deep_research_seal_schema_and_repair_bound" time="0.000" /><testcase classname="tests.test_workflows" name="test_kdr_deep_research_return_carries_seal_state" time="0.000" /><testcase classname="tests.test_workflows" name="test_no_objective_shell_interpolation" time="0.001" /><testcase classname="tests.test_workflows" name="test_plan_schema_parity_with_pydantic" time="0.033" /></testsuite></testsuites>