<?xml version="1.0" encoding="utf-8"?><testsuites name="pytest tests"><testsuite name="pytest" errors="0" failures="0" skipped="0" tests="514" time="180.198" timestamp="2026-09-12T08:33:10.068225-03:00" hostname="DESKTOP-AA6P1ID"><testcase classname="tests.test_adapters" name="test_openalex_search_parses_real_payload" time="0.002" /><testcase classname="tests.test_adapters" name="test_crossref_lookup_parses_real_payload" time="0.000" /><testcase classname="tests.test_adapters" name="test_arxiv_search_parses_atom_feed" time="0.001" /><testcase classname="tests.test_adapters" name="test_github_search_parses_payload" time="0.000" /><testcase classname="tests.test_adapters" name="test_webfetch_strips_html_like_extractor" time="0.001" /><testcase classname="tests.test_adapters" name="test_egress_denied_raises_before_any_request" time="0.000" /><testcase classname="tests.test_adapters" name="test_transport_error_surfaces_as_adapter_error" time="0.001" /><testcase classname="tests.test_agents_policy" name="test_base_and_specialist_roles_exist" time="0.001" /><testcase classname="tests.test_agents_policy" name="test_frontmatter_valid_and_only_supported_fields" time="0.003" /><testcase classname="tests.test_agents_policy" name="test_control_fields_declared_per_role" time="0.002" /><testcase classname="tests.test_agents_policy" name="test_read_only_policy_enforced" time="0.002" /><testcase classname="tests.test_agents_policy" name="test_skill_fields_point_to_existing_skills" time="0.001" /><testcase classname="tests.test_agents_policy" name="test_worktree_isolation_for_code_editors" time="0.001" /><testcase classname="tests.test_agents_policy" name="test_role_resolution_covers_all_agent_roles" time="0.001" /><testcase classname="tests.test_agents_policy" name="test_every_used_taskspec_role_resolves" time="0.001" /><testcase classname="tests.test_agents_policy" name="test_briefing_contains_guidance_context_mission" time="0.000" /><testcase classname="tests.test_agents_policy" name="test_exported_schema_includes_guidance" time="0.000" /><testcase classname="tests.test_claims_verification" name="test_split_compound_statement" time="0.000" /><testcase classname="tests.test_claims_verification" name="test_decompose_into_claims" time="0.000" /><testcase classname="tests.test_claims_verification" name="test_standing_supported_with_two_independent_families" time="0.000" /><testcase classname="tests.test_claims_verification" name="test_standing_single_source_is_not_supported" time="0.000" /><testcase classname="tests.test_claims_verification" name="test_standing_contradicted" time="0.000" /><testcase classname="tests.test_claims_verification" name="test_independent_support_count_collapses_family" time="0.000" /><testcase classname="tests.test_claims_verification" name="test_claim_coverage" time="0.000" /><testcase classname="tests.test_claims_verification" name="test_scan_prompt_injection" time="0.000" /><testcase classname="tests.test_claims_verification" name="test_source_trust_gate_flags_retraction" time="0.000" /><testcase classname="tests.test_claims_verification" name="test_detect_contradiction_type_numeric" time="0.000" /><testcase classname="tests.test_claims_verification" name="test_cluster_contradictions_merges_transitively" time="0.000" /><testcase classname="tests.test_claims_verification" name="test_minimum_new_search_rule" time="0.000" /><testcase classname="tests.test_claims_verification" name="test_falsification_plan_roles" time="0.000" /><testcase classname="tests.test_coordination" name="test_same_source_from_two_workers_creates_one_discovery_and_notification" time="0.124" /><testcase classname="tests.test_coordination" name="test_notification_expiry_fences_old_consumer_and_retries_atomically" time="0.154" /><testcase classname="tests.test_coordination" name="test_consumer_failure_rolls_back_effect_and_dead_letters_after_limit" time="0.125" /><testcase classname="tests.test_coordination" name="test_circular_help_rejected_with_diagnostic_and_no_hidden_dependency" time="0.134" /><testcase classname="tests.test_coordination" name="test_message_limits_and_scope_are_enforced_without_silent_overflow" time="0.113" /><testcase classname="tests.test_coordination" name="test_resource_acquisition_is_atomic_ordered_and_expiring" time="0.134" /><testcase classname="tests.test_coordination" name="test_real_task_commit_publishes_artifact_notifications_in_same_transaction" time="1.128" /><testcase classname="tests.test_coordination" name="test_messages_are_disabled_by_default_and_cannot_cross_runs" time="0.199" /><testcase classname="tests.test_coordination" name="test_process_kill_during_consumer_transaction_rolls_back_inbox_and_effect" time="0.437" /><testcase classname="tests.test_coordination" name="test_failed_event_transaction_does_not_leave_notification" time="0.130" /><testcase classname="tests.test_coordination" name="test_notification_consumer_uses_persisted_payload_and_dead_letters_overflow" time="0.148" /><testcase classname="tests.test_coordination" name="test_help_budget_failure_rolls_back_plan_patch_and_retry_is_idempotent" time="0.142" /><testcase classname="tests.test_coordination" name="test_coordination_cli_persists_received_message_before_ack" time="0.165" /><testcase classname="tests.test_dag_scheduler" name="test_waves_are_topological" time="0.001" /><testcase classname="tests.test_dag_scheduler" name="test_cycle_detected" time="0.001" /><testcase classname="tests.test_dag_scheduler" name="test_double_owner_detected" time="0.001" /><testcase classname="tests.test_dag_scheduler" name="test_read_only_task_with_destructive_tool_flagged" time="0.001" /><testcase classname="tests.test_dag_scheduler" name="test_unresolved_dependency_detected" time="0.000" /><testcase classname="tests.test_dag_scheduler" name="test_scheduler_runs_dag_in_order" time="0.002" /><testcase classname="tests.test_dag_scheduler" name="test_scheduler_retries_then_fails" time="0.001" /><testcase classname="tests.test_dag_scheduler" name="test_scheduler_blocks_dependent_on_failure" time="0.001" /><testcase classname="tests.test_dag_scheduler" name="test_scheduler_rejects_missing_outputs" time="0.001" /><testcase classname="tests.test_dag_scheduler" name="test_max_workers_does_not_skip_ready_tasks" time="0.002" /><testcase classname="tests.test_dag_scheduler" name="test_plan_gate_blocks_cyclic_plan" time="0.001" /><testcase classname="tests.test_dag_scheduler" name="test_plan_gate_passes_valid_plan" time="0.001" /><testcase classname="tests.test_dag_scheduler" name="test_verify_depends_on_retrieve_in_retrieval_pipeline" time="0.001" /><testcase classname="tests.test_dag_scheduler" name="test_verify_never_starts_without_sources_when_retrieve_fails" time="0.001" /><testcase classname="tests.test_dag_scheduler" name="test_null_result_is_explicit_deterministic_failure" time="0.001" /><testcase classname="tests.test_dag_scheduler" name="test_retry_event_and_attempt_counts" time="0.001" /><testcase classname="tests.test_dag_scheduler" name="test_no_progress_flag_set_when_all_attempts_fail" time="0.001" /><testcase classname="tests.test_delivery_policy" name="test_invented_qualitative_statement_blocks" time="0.001" /><testcase classname="tests.test_delivery_policy" name="test_revalidation_revokes_obsolete_seal" time="1.794" /><testcase classname="tests.test_delivery_policy" name="test_verified_boolean_cannot_override_wrong_span_or_missing_commits" time="1.469" /><testcase classname="tests.test_executor_registry" name="test_arbitrary_task_ids_and_additional_registered_capabilities_execute" time="1.593" /><testcase classname="tests.test_executor_registry" name="test_missing_capability_blocks_planning_before_writing" time="0.002" /><testcase classname="tests.test_executor_registry" name="test_code_and_implicit_model_execution_do_not_fall_back_to_fixtures" time="0.001" /><testcase classname="tests.test_executor_registry" name="test_equivalent_output_paths_block_before_scaffolding[a/../b.json-b.json]" time="0.002" /><testcase classname="tests.test_executor_registry" name="test_equivalent_output_paths_block_before_scaffolding[a/b.json-a\\b.json]" time="0.002" /><testcase classname="tests.test_executor_registry" name="test_equivalent_output_paths_block_before_scaffolding[B.json-b.json]" time="0.002" /><testcase classname="tests.test_executor_registry" name="test_equivalent_output_paths_block_before_scaffolding[b.json.-b.json]" time="0.002" /><testcase classname="tests.test_executor_registry" name="test_equivalent_output_paths_block_before_scaffolding[NUL.json-safe.json]" time="0.002" /><testcase classname="tests.test_executor_registry" name="test_equivalent_output_paths_block_before_scaffolding[x:stream-x]" time="0.002" /><testcase classname="tests.test_executor_registry" name="test_equivalent_output_paths_block_before_scaffolding[root-root/file.json]" time="0.002" /><testcase classname="tests.test_executor_registry" name="test_task_cannot_own_kernel_control_paths[manifest.json]" time="0.002" /><testcase classname="tests.test_executor_registry" name="test_task_cannot_own_kernel_control_paths[EVENTS.JSONL]" time="0.002" /><testcase classname="tests.test_executor_registry" name="test_task_cannot_own_kernel_control_paths[plan.json]" time="0.002" /><testcase classname="tests.test_executor_registry" name="test_task_cannot_own_kernel_control_paths[history/plan-patches/1.json]" time="0.002" /><testcase classname="tests.test_executor_registry" name="test_task_cannot_own_kernel_control_paths[delivery/revisions/old.md]" time="0.002" /><testcase classname="tests.test_executor_registry" name="test_task_cannot_own_kernel_control_paths[tasks]" time="0.002" /><testcase classname="tests.test_executor_registry" name="test_task_cannot_own_kernel_control_paths[tasks/T-RETRIEVE/result.json]" time="0.002" /><testcase classname="tests.test_executor_registry" name="test_task_cannot_own_kernel_control_paths[tasks/T-VERIFY/provider-receipt.json]" time="0.002" /><testcase classname="tests.test_executor_registry" name="test_task_cannot_own_kernel_control_paths[verification/seal]" time="0.002" /><testcase classname="tests.test_executor_registry" name="test_task_ids_cannot_alias_on_case_insensitive_filesystems" time="0.002" /><testcase classname="tests.test_extractors" name="test_markdown_extractor_strips_syntax" time="0.002" /><testcase classname="tests.test_extractors" name="test_html_extractor_strips_tags_and_script" time="0.002" /><testcase classname="tests.test_extractors" name="test_code_passthrough_preserves_content" time="0.002" /><testcase classname="tests.test_extractors" name="test_pdf_extractor_fails_explicitly_without_pypdf" time="0.003" /><testcase classname="tests.test_extractors" name="test_scan_records_extraction_failures" time="0.005" /><testcase classname="tests.test_extractors" name="test_scan_uses_format_extractors" time="0.006" /><testcase classname="tests.test_extractors" name="test_extract_unknown_extension_raises" time="0.002" /><testcase classname="tests.test_http_security" name="test_non_public_and_special_destinations_blocked[file:///etc/passwd]" time="0.001" /><testcase classname="tests.test_http_security" name="test_non_public_and_special_destinations_blocked[http://user:pass@example.com]" time="0.001" /><testcase classname="tests.test_http_security" name="test_non_public_and_special_destinations_blocked[http://127.0.0.1]" time="0.003" /><testcase classname="tests.test_http_security" name="test_non_public_and_special_destinations_blocked[http://[::1]]" time="0.001" /><testcase classname="tests.test_http_security" name="test_non_public_and_special_destinations_blocked[http://169.254.169.254/latest]" time="0.001" /><testcase classname="tests.test_http_security" name="test_non_public_and_special_destinations_blocked[http://10.0.0.1]" time="0.001" /><testcase classname="tests.test_http_security" name="test_non_public_and_special_destinations_blocked[http://example.com:22]" time="0.001" /><testcase classname="tests.test_http_security" name="test_redirect_to_metadata_is_blocked_before_connection" time="0.001" /><testcase classname="tests.test_http_security" name="test_stream_and_decompression_limits[False]" time="0.001" /><testcase classname="tests.test_http_security" name="test_stream_and_decompression_limits[True]" time="0.001" /><testcase classname="tests.test_http_security" name="test_credentials_removed_across_origin" time="0.001" /><testcase classname="tests.test_http_security" name="test_all_dns_addresses_checked" time="0.001" /><testcase classname="tests.test_kernel_requests" name="test_parallel_objectives_stay_literal_and_separate" time="0.440" /><testcase classname="tests.test_kernel_requests" name="test_unknown_capability_never_falls_back_to_fixture" time="0.115" /><testcase classname="tests.test_legacy_migration" name="test_legacy_migration_preserves_original_and_never_synthesizes_success" time="0.138" /><testcase classname="tests.test_legacy_migration" name="test_invalid_legacy_snapshot_rejected_before_import[hash]" time="0.007" /><testcase classname="tests.test_legacy_migration" name="test_invalid_legacy_snapshot_rejected_before_import[version]" time="0.006" /><testcase classname="tests.test_legacy_migration" name="test_invalid_legacy_snapshot_rejected_before_import[path]" time="0.006" /><testcase classname="tests.test_legacy_migration" name="test_invalid_legacy_snapshot_rejected_before_import[identity]" time="0.006" /><testcase classname="tests.test_legacy_migration" name="test_migration_export_failure_recovers_committed_import" time="0.087" /><testcase classname="tests.test_legacy_migration" name="test_legacy_read_only_cli_does_not_initialize_database" time="0.021" /><testcase classname="tests.test_legacy_migration" name="test_migration_transaction_rollback_keeps_verified_backup_for_retry" time="0.132" /><testcase classname="tests.test_model_cli" name="test_exact_stdin_and_structured_process[codex]" time="0.057" /><testcase classname="tests.test_model_cli" name="test_exact_stdin_and_structured_process[claude-code]" time="0.059" /><testcase classname="tests.test_model_cli" name="test_actual_subprocess_timeout_and_output_bounds" time="0.933" /><testcase classname="tests.test_model_cli" name="test_partial_or_tool_output_never_succeeds[]" time="0.001" /><testcase classname="tests.test_model_cli" name="test_partial_or_tool_output_never_succeeds[not JSON]" time="0.001" /><testcase classname="tests.test_model_cli" name="test_partial_or_tool_output_never_succeeds[{&quot;type&quot;:&quot;turn.completed&quot;}]" time="0.001" /><testcase classname="tests.test_model_cli" name="test_partial_or_tool_output_never_succeeds[{&quot;type&quot;:&quot;error&quot;}]" time="0.001" /><testcase classname="tests.test_model_cli" name="test_partial_or_tool_output_never_succeeds[{&quot;type&quot;:&quot;item.completed&quot;,&quot;item&quot;:{&quot;type&quot;:&quot;command_execution&quot;}}]" time="0.001" /><testcase classname="tests.test_model_cli" name="test_inference_configuration_disables_host_tools" time="0.004" /><testcase classname="tests.test_model_cli" name="test_five_specialists_use_committed_evidence_and_cannot_authorize_delivery" time="3.566" /><testcase classname="tests.test_model_cli" name="test_zero_budget_rejected_before_auth_or_model_call" time="0.002" /><testcase classname="tests.test_native_hooks" name="test_registry_roundtrip" time="0.024" /><testcase classname="tests.test_native_hooks" name="test_registry_load_tolerates_corruption" time="0.004" /><testcase classname="tests.test_native_hooks" name="test_registry_sessions_are_isolated" time="0.034" /><testcase classname="tests.test_native_hooks" name="test_active_runs_zero" time="0.003" /><testcase classname="tests.test_native_hooks" name="test_active_runs_one" time="0.207" /><testcase classname="tests.test_native_hooks" name="test_active_runs_two" time="0.216" /><testcase classname="tests.test_native_hooks" name="test_cli_plan_session_id_binds" time="0.363" /><testcase classname="tests.test_native_hooks" name="test_cli_plan_without_session_id_writes_no_registry" time="0.345" /><testcase classname="tests.test_native_hooks" name="test_task_created_unbound_allows_with_note" time="0.215" /><testcase classname="tests.test_native_hooks" name="test_task_created_bound_matches_and_maps" time="0.386" /><testcase classname="tests.test_native_hooks" name="test_task_created_matches_subject_to_mission" time="0.390" /><testcase classname="tests.test_native_hooks" name="test_task_created_bound_unknown_task_allows" time="0.380" /><testcase classname="tests.test_native_hooks" name="test_pre_tool_use_native_allows_read" time="0.221" /><testcase classname="tests.test_native_hooks" name="test_pre_tool_use_native_blocks_injection" time="0.223" /><testcase classname="tests.test_native_hooks" name="test_write_target_escapes_allows_absolute_harness_paths" time="0.002" /><testcase classname="tests.test_native_hooks" name="test_write_target_escapes_blocks_dotdot" time="0.001" /><testcase classname="tests.test_native_hooks" name="test_subagent_stop_unbound_allows_with_note" time="0.215" /><testcase classname="tests.test_native_hooks" name="test_subagent_stop_with_complete_artifact_allows" time="0.401" /><testcase classname="tests.test_native_hooks" name="test_subagent_stop_artifact_without_outputs_blocks" time="0.397" /><testcase classname="tests.test_native_hooks" name="test_subagent_stop_bound_without_artifact_blocks" time="0.384" /><testcase classname="tests.test_native_hooks" name="test_subagent_stop_bound_without_plan_blocks" time="0.344" /><testcase classname="tests.test_native_hooks" name="test_task_completed_with_covered_criteria_allows" time="0.383" /><testcase classname="tests.test_native_hooks" name="test_task_completed_without_artifact_blocks" time="0.383" /><testcase classname="tests.test_native_hooks" name="test_dispatch_unknown_hook_raises" time="0.001" /><testcase classname="tests.test_native_hooks" name="test_stop_two_bound_sessions_never_cross_runs" time="0.553" /><testcase classname="tests.test_native_hooks" name="test_stop_unbound_no_active_runs_allows" time="0.211" /><testcase classname="tests.test_native_hooks" name="test_stop_unbound_single_run_lazy_binds_and_gates" time="0.431" /><testcase classname="tests.test_native_hooks" name="test_stop_unbound_two_runs_blocks_ambiguous" time="0.503" /><testcase classname="tests.test_native_hooks" name="test_stop_missing_session_id_with_active_run_blocks" time="0.353" /><testcase classname="tests.test_native_hooks" name="test_stop_rejects_tampered_report" time="2.042" /><testcase classname="tests.test_native_hooks" name="test_stop_allows_complete_intact_run" time="2.033" /><testcase classname="tests.test_native_hooks" name="test_pre_tool_use_blocks_write_to_sealed_artifact" time="2.437" /><testcase classname="tests.test_native_hooks" name="test_pre_tool_use_allows_write_to_non_sealable_file" time="2.445" /><testcase classname="tests.test_native_hooks" name="test_pre_tool_use_unsealed_run_allows_write" time="0.377" /><testcase classname="tests.test_native_hooks" name="test_pre_tool_use_unbound_write_allows_degraded" time="0.226" /><testcase classname="tests.test_native_hooks" name="test_pre_tool_use_bash_is_exempt_from_seal_check" time="2.448" /><testcase classname="tests.test_native_hooks" name="test_stop_sealed_js_run_verifies_report_hash" time="2.520" /><testcase classname="tests.test_native_hooks" name="test_stop_sealed_js_run_tampered_report_blocks" time="2.575" /><testcase classname="tests.test_native_hooks" name="test_dispatcher_accepts_official_fixture[task_created]" time="0.220" /><testcase classname="tests.test_native_hooks" name="test_dispatcher_accepts_official_fixture[task_completed]" time="0.228" /><testcase classname="tests.test_native_hooks" name="test_dispatcher_accepts_official_fixture[subagent_stop]" time="0.230" /><testcase classname="tests.test_native_hooks" name="test_dispatcher_accepts_official_fixture[stop]" time="0.223" /><testcase classname="tests.test_native_hooks" name="test_dispatcher_accepts_official_fixture[pre_tool_use]" time="0.229" /><testcase classname="tests.test_native_hooks" name="test_dispatcher_never_keyerrors_native_payload[empty-task_created]" time="0.224" /><testcase classname="tests.test_native_hooks" name="test_dispatcher_never_keyerrors_native_payload[empty-task_completed]" time="0.225" /><testcase classname="tests.test_native_hooks" name="test_dispatcher_never_keyerrors_native_payload[empty-subagent_stop]" time="0.233" /><testcase classname="tests.test_native_hooks" name="test_dispatcher_never_keyerrors_native_payload[empty-stop]" time="0.223" /><testcase classname="tests.test_native_hooks" name="test_dispatcher_never_keyerrors_native_payload[empty-pre_tool_use]" time="0.223" /><testcase classname="tests.test_native_hooks" name="test_dispatcher_never_keyerrors_native_payload[no_session_id-task_created]" time="0.222" /><testcase classname="tests.test_native_hooks" name="test_dispatcher_never_keyerrors_native_payload[no_session_id-task_completed]" time="0.225" /><testcase classname="tests.test_native_hooks" name="test_dispatcher_never_keyerrors_native_payload[no_session_id-subagent_stop]" time="0.216" /><testcase classname="tests.test_native_hooks" name="test_dispatcher_never_keyerrors_native_payload[no_session_id-stop]" time="0.223" /><testcase classname="tests.test_native_hooks" name="test_dispatcher_never_keyerrors_native_payload[no_session_id-pre_tool_use]" time="0.213" /><testcase classname="tests.test_native_hooks" name="test_dispatcher_never_keyerrors_native_payload[no_task_id-task_created]" time="0.219" /><testcase classname="tests.test_native_hooks" name="test_dispatcher_never_keyerrors_native_payload[no_task_id-task_completed]" time="0.218" /><testcase classname="tests.test_native_hooks" name="test_dispatcher_never_keyerrors_native_payload[no_task_id-subagent_stop]" time="0.217" /><testcase classname="tests.test_native_hooks" name="test_dispatcher_never_keyerrors_native_payload[no_task_id-stop]" time="0.234" /><testcase classname="tests.test_native_hooks" name="test_dispatcher_never_keyerrors_native_payload[no_task_id-pre_tool_use]" time="0.215" /><testcase classname="tests.test_native_hooks" name="test_dispatcher_never_keyerrors_native_payload[null_task_id-task_created]" time="0.219" /><testcase classname="tests.test_native_hooks" name="test_dispatcher_never_keyerrors_native_payload[null_task_id-task_completed]" time="0.218" /><testcase classname="tests.test_native_hooks" name="test_dispatcher_never_keyerrors_native_payload[null_task_id-subagent_stop]" time="0.217" /><testcase classname="tests.test_native_hooks" name="test_dispatcher_never_keyerrors_native_payload[null_task_id-stop]" time="0.220" /><testcase classname="tests.test_native_hooks" name="test_dispatcher_never_keyerrors_native_payload[null_task_id-pre_tool_use]" time="0.223" /><testcase classname="tests.test_native_hooks" name="test_dispatcher_never_keyerrors_native_payload[wrong_type_session_id-task_created]" time="0.218" /><testcase classname="tests.test_native_hooks" name="test_dispatcher_never_keyerrors_native_payload[wrong_type_session_id-task_completed]" time="0.224" /><testcase classname="tests.test_native_hooks" name="test_dispatcher_never_keyerrors_native_payload[wrong_type_session_id-subagent_stop]" time="0.217" /><testcase classname="tests.test_native_hooks" name="test_dispatcher_never_keyerrors_native_payload[wrong_type_session_id-stop]" time="0.221" /><testcase classname="tests.test_native_hooks" name="test_dispatcher_never_keyerrors_native_payload[wrong_type_session_id-pre_tool_use]" time="0.216" /><testcase classname="tests.test_native_hooks" name="test_dispatcher_never_keyerrors_native_payload[null_tool_input-task_created]" time="0.232" /><testcase classname="tests.test_native_hooks" name="test_dispatcher_never_keyerrors_native_payload[null_tool_input-task_completed]" time="0.219" /><testcase classname="tests.test_native_hooks" name="test_dispatcher_never_keyerrors_native_payload[null_tool_input-subagent_stop]" time="0.219" /><testcase classname="tests.test_native_hooks" name="test_dispatcher_never_keyerrors_native_payload[null_tool_input-stop]" time="0.218" /><testcase classname="tests.test_native_hooks" name="test_dispatcher_never_keyerrors_native_payload[null_tool_input-pre_tool_use]" time="0.216" /><testcase classname="tests.test_native_hooks" name="test_dispatcher_never_keyerrors_native_payload[extra_fields-task_created]" time="0.229" /><testcase classname="tests.test_native_hooks" name="test_dispatcher_never_keyerrors_native_payload[extra_fields-task_completed]" time="0.223" /><testcase classname="tests.test_native_hooks" name="test_dispatcher_never_keyerrors_native_payload[extra_fields-subagent_stop]" time="0.219" /><testcase classname="tests.test_native_hooks" name="test_dispatcher_never_keyerrors_native_payload[extra_fields-stop]" time="0.226" /><testcase classname="tests.test_native_hooks" name="test_dispatcher_never_keyerrors_native_payload[extra_fields-pre_tool_use]" time="0.227" /><testcase classname="tests.test_native_hooks" name="test_dispatcher_wrong_shape_registry_never_tracebacks[[1,2]]" time="0.225" /><testcase classname="tests.test_native_hooks" name="test_dispatcher_wrong_shape_registry_never_tracebacks[&quot;scalar&quot;]" time="0.231" /><testcase classname="tests.test_native_hooks" name="test_dispatcher_wrong_shape_registry_never_tracebacks[{&quot;sessions&quot;: [1,2]}]" time="0.219" /><testcase classname="tests.test_native_hooks" name="test_dispatcher_malformed_json_stdin[task_created]" time="0.215" /><testcase classname="tests.test_native_hooks" name="test_dispatcher_malformed_json_stdin[task_completed]" time="0.215" /><testcase classname="tests.test_native_hooks" name="test_dispatcher_malformed_json_stdin[subagent_stop]" time="0.216" /><testcase classname="tests.test_native_hooks" name="test_dispatcher_malformed_json_stdin[stop]" time="0.210" /><testcase classname="tests.test_native_hooks" name="test_dispatcher_malformed_json_stdin[pre_tool_use]" time="0.214" /><testcase classname="tests.test_native_hooks" name="test_dispatcher_non_dict_json_stdin[123]" time="0.211" /><testcase classname="tests.test_native_hooks" name="test_dispatcher_non_dict_json_stdin[[1, 2]]" time="0.214" /><testcase classname="tests.test_phase10_monitor" name="test_delta_detects_added_changed_removed" time="0.010" /><testcase classname="tests.test_phase10_monitor" name="test_saved_query_store_roundtrip" time="0.004" /><testcase classname="tests.test_phase10_monitor" name="test_cli_monitor_full_flow" time="0.054" /><testcase classname="tests.test_phase10_monitor" name="test_retraction_alert_invalidates_dependent_claims" time="0.001" /><testcase classname="tests.test_phase10_monitor" name="test_alert_only_fires_on_status_change" time="0.001" /><testcase classname="tests.test_phase10_monitor" name="test_recompute_standings_detects_change_without_mutating" time="0.001" /><testcase classname="tests.test_phase10_monitor" name="test_diff_reports_captures_all_change_kinds" time="0.001" /><testcase classname="tests.test_phase10_monitor" name="test_diff_reports_identical_is_clean" time="0.000" /><testcase classname="tests.test_phase10_monitor" name="test_learning_full_path_promotes" time="0.001" /><testcase classname="tests.test_phase10_monitor" name="test_learning_NEVER_promotes_without_eval" time="0.001" /><testcase classname="tests.test_phase10_monitor" name="test_learning_eval_failure_blocks_everything_downstream" time="0.001" /><testcase classname="tests.test_phase10_monitor" name="test_learning_canary_failure_blocks_promotion" time="0.001" /><testcase classname="tests.test_phase10_monitor" name="test_learning_unknown_candidate_raises" time="0.000" /><testcase classname="tests.test_phase4_resume" name="test_manifest_transitions_and_hash_seal" time="1.714" /><testcase classname="tests.test_phase4_resume" name="test_completion_fails_persisted_on_task_error" time="1.088" /><testcase classname="tests.test_phase4_resume" name="test_resume_skips_completed_tasks" time="2.176" /><testcase classname="tests.test_phase4_resume" name="test_resume_detects_hash_tampering" time="1.871" /><testcase classname="tests.test_phase4_resume" name="test_atomic_writes_leave_no_tmp" time="0.121" /><testcase classname="tests.test_phase4_resume" name="test_path_escape_blocked" time="0.112" /><testcase classname="tests.test_phase4_resume" name="test_delivery_manifest_has_real_artifacts" time="1.765" /><testcase classname="tests.test_phase4_resume" name="test_gate_severity_semantics" time="0.001" /><testcase classname="tests.test_phase4_resume" name="test_source_trust_coi_only_is_warn_not_fail" time="0.001" /><testcase classname="tests.test_phase4_resume" name="test_source_trust_missing_identity_blocks" time="0.001" /><testcase classname="tests.test_phase4_resume" name="test_empty_corpus_does_not_succeed" time="1.089" /><testcase classname="tests.test_phase4_resume" name="test_default_runs_root_layout" time="0.144" /><testcase classname="tests.test_phase5_retrieval" name="test_spans_are_verbatim_with_exact_char_offsets" time="0.007" /><testcase classname="tests.test_phase5_retrieval" name="test_spans_preserve_casing_and_punctuation" time="0.007" /><testcase classname="tests.test_phase5_retrieval" name="test_spans_have_line_numbers" time="0.007" /><testcase classname="tests.test_phase5_retrieval" name="test_fused_search_is_deterministic" time="0.007" /><testcase classname="tests.test_phase5_retrieval" name="test_fused_search_breakdown_reports_channels" time="0.007" /><testcase classname="tests.test_phase5_retrieval" name="test_zero_weights_reduce_to_bm25_order" time="0.007" /><testcase classname="tests.test_phase5_retrieval" name="test_fusion_recalls_typo_doc_bm25_misses" time="0.007" /><testcase classname="tests.test_phase5_retrieval" name="test_query_graph_drives_pipeline_and_persists" time="1.760" /><testcase classname="tests.test_phase5_retrieval" name="test_lexical_overlap_cannot_declare_research_sufficient" time="1.722" /><testcase classname="tests.test_phase5_retrieval" name="test_pipeline_collapses_duplicate_sources" time="1.767" /><testcase classname="tests.test_phase6_sourcetrust" name="test_doi_resolver_live_success" time="0.000" /><testcase classname="tests.test_phase6_sourcetrust" name="test_fabricated_doi_detected" time="0.000" /><testcase classname="tests.test_phase6_sourcetrust" name="test_record_doi_extraction" time="0.001" /><testcase classname="tests.test_phase6_sourcetrust" name="test_cache_short_circuits_http_when_fresh" time="0.000" /><testcase classname="tests.test_phase6_sourcetrust" name="test_stale_cache_answers_during_outage" time="0.000" /><testcase classname="tests.test_phase6_sourcetrust" name="test_outage_without_cache_fails_resolution" time="0.000" /><testcase classname="tests.test_phase6_sourcetrust" name="test_crossref_update_to_marks_retraction" time="0.000" /><testcase classname="tests.test_phase6_sourcetrust" name="test_live_retraction_blocks" time="0.001" /><testcase classname="tests.test_phase6_sourcetrust" name="test_version_check_flags_content_change" time="0.000" /><testcase classname="tests.test_phase6_sourcetrust" name="test_date_consistency_check" time="0.000" /><testcase classname="tests.test_phase6_sourcetrust" name="test_policy_registry_longest_suffix_match" time="0.000" /><testcase classname="tests.test_phase6_sourcetrust" name="test_domain_policy_drives_currency_window" time="0.000" /><testcase classname="tests.test_phase6_sourcetrust" name="test_dimension_checks_pass_for_consistent_record" time="0.000" /><testcase classname="tests.test_phase6_sourcetrust" name="test_dimension_checks_fail_on_metadata_mismatch" time="0.000" /><testcase classname="tests.test_phase6_sourcetrust" name="test_coi_metadata_mismatch_fails" time="0.000" /><testcase classname="tests.test_phase6_sourcetrust" name="test_gate_includes_currency_check" time="0.001" /><testcase classname="tests.test_phase6_sourcetrust" name="test_file_corpus_populates_identity_and_markdown_type" time="0.004" /><testcase classname="tests.test_phase6_sourcetrust" name="test_fabricated_doi_fails_gate" time="0.001" /><testcase classname="tests.test_phase6_sourcetrust" name="test_doi_misdirection_is_critical_and_blocks" time="0.001" /><testcase classname="tests.test_phase6_sourcetrust" name="test_pipeline_blocks_on_doi_misdirection" time="0.136" /><testcase classname="tests.test_phase7_claims" name="test_compound_statement_decomposes" time="0.000" /><testcase classname="tests.test_phase7_claims" name="test_atomic_statement_keeps_base_id" time="0.000" /><testcase classname="tests.test_phase7_claims" name="test_scope_extraction" time="0.000" /><testcase classname="tests.test_phase7_claims" name="test_falsifiability_requires_assertion" time="0.000" /><testcase classname="tests.test_phase7_claims" name="test_entailment_full_vs_partial" time="0.000" /><testcase classname="tests.test_phase7_claims" name="test_entailment_numeric_mismatch_capped" time="0.000" /><testcase classname="tests.test_phase7_claims" name="test_classify_full_support_and_qualifies" time="0.000" /><testcase classname="tests.test_phase7_claims" name="test_scope_mismatch_yields_qualifies" time="0.000" /><testcase classname="tests.test_phase7_claims" name="test_numeric_disagreement_with_overlap_contradicts" time="0.000" /><testcase classname="tests.test_phase7_claims" name="test_low_entailment_context_or_irrelevant" time="0.000" /><testcase classname="tests.test_phase7_claims" name="test_discovery_finds_numeric_and_polarity_pairs" time="0.000" /><testcase classname="tests.test_phase7_claims" name="test_pipeline_discovers_contradictions_end_to_end" time="1.742" /><testcase classname="tests.test_phase7_claims" name="test_counterevidence_search_finds_numeric_disagreement" time="0.006" /><testcase classname="tests.test_phase7_claims" name="test_counterevidence_artifact_written" time="1.663" /><testcase classname="tests.test_phase7_claims" name="test_derived_scores_vary_with_inputs" time="0.001" /><testcase classname="tests.test_phase7_claims" name="test_independence_scales_with_family_size" time="0.000" /><testcase classname="tests.test_phase7_claims" name="test_source_quality_score_derived" time="0.000" /><testcase classname="tests.test_phase7_claims" name="test_claim_outside_query_window_gets_exact_support" time="1.767" /><testcase classname="tests.test_phase8_reportswarm" name="test_council_generates_outline_in_rounds" time="0.001" /><testcase classname="tests.test_phase8_reportswarm" name="test_council_converges_and_logs_each_round" time="0.001" /><testcase classname="tests.test_phase8_reportswarm" name="test_section_dag_parallelizes_body_and_serializes_late" time="0.001" /><testcase classname="tests.test_phase8_reportswarm" name="test_section_packs_are_minimal" time="0.001" /><testcase classname="tests.test_phase8_reportswarm" name="test_reviewer_catches_and_fixer_removes_unsupported_sentence" time="0.001" /><testcase classname="tests.test_phase8_reportswarm" name="test_transition_editor_bridges_sections" time="0.000" /><testcase classname="tests.test_phase8_reportswarm" name="test_late_sections_generated_last" time="0.001" /><testcase classname="tests.test_phase8_reportswarm" name="test_citation_manager_no_orphans_no_dangling" time="0.001" /><testcase classname="tests.test_phase8_reportswarm" name="test_orphan_and_dangling_detected" time="0.000" /><testcase classname="tests.test_phase8_reportswarm" name="test_omitted_material_claim_blocks" time="0.001" /><testcase classname="tests.test_phase8_reportswarm" name="test_citation_entailment_checked_in_gate" time="0.001" /><testcase classname="tests.test_phase8_reportswarm" name="test_dangling_reference_fails_gate" time="0.001" /><testcase classname="tests.test_phase8_reportswarm" name="test_integrity_blocks_pipeline_when_claim_omitted" time="1.890" /><testcase classname="tests.test_phase8_reportswarm" name="test_swarm_artifacts_persisted" time="1.781" /><testcase classname="tests.test_phase9b_evals" name="test_builtin_cases_have_disjoint_splits" time="0.001" /><testcase classname="tests.test_phase9b_evals" name="test_builtin_case_split_tags_and_filter" time="0.001" /><testcase classname="tests.test_phase9b_evals" name="test_unknown_split_rejected" time="0.001" /><testcase classname="tests.test_phase9b_evals" name="test_per_kind_metrics_aggregation" time="0.001" /><testcase classname="tests.test_phase9b_evals" name="test_gate_zero_critical_miss" time="0.001" /><testcase classname="tests.test_phase9b_evals" name="test_gate_per_kind_thresholds_and_version" time="0.001" /><testcase classname="tests.test_phase9b_evals" name="test_gate_passes_on_perfect_detection" time="0.001" /><testcase classname="tests.test_phase9b_evals" name="test_multi_trial_reports_all_trials" time="0.001" /><testcase classname="tests.test_phase9b_evals" name="test_multi_trial_requires_positive_trials" time="0.001" /><testcase classname="tests.test_phase9b_evals" name="test_deepresearch_bench_adapter_roundtrip" time="0.001" /><testcase classname="tests.test_phase9b_evals" name="test_kimi_replay_adapter_roundtrip" time="0.001" /><testcase classname="tests.test_phase9b_evals" name="test_kimi_replay_rejects_unknown_event" time="0.001" /><testcase classname="tests.test_phase9b_evals" name="test_heldout_run_only_touches_heldout" time="0.001" /><testcase classname="tests.test_phase9b_evals" name="test_cli_eval_modes" time="0.045" /><testcase classname="tests.test_plan_regressions" name="test_run_ids_do_not_collide" time="0.011" /><testcase classname="tests.test_plan_regressions" name="test_run_id_rejects_unsafe_components[../x]" time="0.003" /><testcase classname="tests.test_plan_regressions" name="test_run_id_rejects_unsafe_components[../../x]" time="0.002" /><testcase classname="tests.test_plan_regressions" name="test_run_id_rejects_unsafe_components[/x]" time="0.002" /><testcase classname="tests.test_plan_regressions" name="test_run_id_rejects_unsafe_components[C:\\x]" time="0.002" /><testcase classname="tests.test_plan_regressions" name="test_run_id_rejects_unsafe_components[a/b]" time="0.002" /><testcase classname="tests.test_plan_regressions" name="test_run_id_rejects_unsafe_components[a\\b]" time="0.002" /><testcase classname="tests.test_plan_regressions" name="test_run_id_rejects_unsafe_components[..]" time="0.002" /><testcase classname="tests.test_plan_regressions" name="test_run_id_rejects_unsafe_components[CON]" time="0.002" /><testcase classname="tests.test_plan_regressions" name="test_run_id_rejects_unsafe_components[x.]" time="0.002" /><testcase classname="tests.test_plan_regressions" name="test_scaffold_is_exclusive" time="0.138" /><testcase classname="tests.test_plan_regressions" name="test_scheduler_rejects_other_task" time="0.001" /><testcase classname="tests.test_plan_regressions" name="test_citations_round_trip_legacy_ids[file:sub dir/a\xe7\xe3o.txt]" time="0.001" /><testcase classname="tests.test_plan_regressions" name="test_citations_round_trip_legacy_ids[https://example.org/a?q=x&amp;ref=v1]" time="0.001" /><testcase classname="tests.test_plan_regressions" name="test_citations_round_trip_legacy_ids[doi:10.1234/abc]" time="0.001" /><testcase classname="tests.test_plan_regressions" name="test_empty_report_fails" time="0.001" /><testcase classname="tests.test_plan_regressions" name="test_malformed_citation_fails" time="0.001" /><testcase classname="tests.test_plan_regressions" name="test_negation_does_not_support_claim" time="0.000" /><testcase classname="tests.test_plan_regressions" name="test_openalex_nullable_source" time="0.001" /><testcase classname="tests.test_plan_regressions" name="test_crossref_preserves_full_date" time="0.000" /><testcase classname="tests.test_plan_regressions" name="test_semantic_url_parameters_are_not_dropped" time="0.000" /><testcase classname="tests.test_plan_regressions" name="test_deep_dag_does_not_recurse" time="0.049" /><testcase classname="tests.test_plan_regressions" name="test_claims_use_exact_distinct_spans" time="0.225" /><testcase classname="tests.test_plan_regressions" name="test_partial_resume_in_fresh_process" time="1.946" /><testcase classname="tests.test_plan_regressions" name="test_resume_rejects_tampered_artifact" time="1.832" /><testcase classname="tests.test_plan_regressions" name="test_execute_rejects_plan_drift" time="0.147" /><testcase classname="tests.test_plan_regressions" name="test_missing_outputs_do_not_commit" time="0.588" /><testcase classname="tests.test_plan_regressions" name="test_report_hash_is_frozen_at_verification" time="1.915" /><testcase classname="tests.test_plan_revisions" name="test_new_validation_preserves_completed_branches_and_original_receipts" time="2.678" /><testcase classname="tests.test_plan_revisions" name="test_two_patches_on_same_base_require_rebase" time="1.826" /><testcase classname="tests.test_plan_revisions" name="test_explicit_damage_invalidation_reexecutes_only_branch" time="3.088" /><testcase classname="tests.test_plan_revisions" name="test_running_task_blocks_patch_and_old_scheduler_cannot_claim" time="0.193" /><testcase classname="tests.test_plan_revisions" name="test_invalid_patch_leaves_plan_and_receipts_unchanged[capability]" time="1.772" /><testcase classname="tests.test_plan_revisions" name="test_invalid_patch_leaves_plan_and_receipts_unchanged[cycle]" time="1.762" /><testcase classname="tests.test_plan_revisions" name="test_invalid_patch_leaves_plan_and_receipts_unchanged[ownership]" time="1.749" /><testcase classname="tests.test_plan_revisions" name="test_invalid_patch_leaves_plan_and_receipts_unchanged[completed]" time="1.748" /><testcase classname="tests.test_plan_revisions" name="test_invalid_patch_leaves_plan_and_receipts_unchanged[budget]" time="1.740" /><testcase classname="tests.test_plan_revisions" name="test_plan_patch_cli_is_available" time="1.833" /><testcase classname="tests.test_plan_revisions" name="test_retrieval_damage_replays_snapshot_even_if_original_corpus_changes" time="3.590" /><testcase classname="tests.test_plan_revisions" name="test_completed_resume_does_not_build_index_until_search" time="2.137" /><testcase classname="tests.test_plan_revisions" name="test_old_lifecycle_event_and_wrong_revision_result_rejected" time="1.805" /><testcase classname="tests.test_plan_revisions" name="test_failed_publication_recovers_patch_without_applying_twice" time="1.831" /><testcase classname="tests.test_plan_revisions" name="test_nonzero_initial_revision_stays_bound_to_manifest_and_lease" time="0.175" /><testcase classname="tests.test_plugin_cli" name="test_plugin_manifest_paths_exist" time="0.002" /><testcase classname="tests.test_plugin_cli" name="test_hooks_json_registers_all_events" time="0.001" /><testcase classname="tests.test_plugin_cli" name="test_plugin_hooks_field_points_to_hooks_json" time="0.001" /><testcase classname="tests.test_plugin_cli" name="test_dispatcher_runs_from_foreign_cwd" time="0.202" /><testcase classname="tests.test_plugin_cli" name="test_pre_tool_use_blocks_forbidden_command" time="0.195" /><testcase classname="tests.test_plugin_cli" name="test_pre_tool_use_allows_read" time="0.203" /><testcase classname="tests.test_plugin_cli" name="test_task_created_blocks_task_without_mission" time="0.204" /><testcase classname="tests.test_plugin_cli" name="test_task_created_allows_valid_task" time="0.199" /><testcase classname="tests.test_plugin_cli" name="test_unknown_hook_blocks" time="0.203" /><testcase classname="tests.test_plugin_cli" name="test_stop_without_active_run_allows" time="0.192" /><testcase classname="tests.test_plugin_cli" name="test_stop_blocks_incomplete_run_and_allows_complete" time="1.920" /><testcase classname="tests.test_plugin_cli" name="test_cli_plan_run_verify_report_flow" time="2.009" /><testcase classname="tests.test_plugin_cli" name="test_cli_run_requires_plan" time="0.220" /><testcase classname="tests.test_plugin_cli" name="test_cli_monitor_requires_corpus" time="0.191" /><testcase classname="tests.test_plugin_cli" name="test_cli_doctor_in_foreign_repo" time="0.206" /><testcase classname="tests.test_plugin_cli" name="test_cli_hook_blocking_exit_code_is_two" time="0.201" /><testcase classname="tests.test_plugin_cli" name="test_cli_hook_pre_tool_use_blocks_sealed_path" time="0.203" /><testcase classname="tests.test_plugin_cli" name="test_cli_hook_stdin_dispatch" time="0.419" /><testcase classname="tests.test_plugin_cli" name="test_import_plan_hash_equality_chain" time="0.801" /><testcase classname="tests.test_plugin_cli" name="test_import_plan_field_round_trip" time="0.572" /><testcase classname="tests.test_plugin_cli" name="test_import_plan_malformed_json_exit_3" time="0.531" /><testcase classname="tests.test_plugin_cli" name="test_import_plan_extra_field_forbidden_exit_3" time="0.549" /><testcase classname="tests.test_plugin_cli" name="test_import_plan_wrong_contract_id_exit_4" time="0.549" /><testcase classname="tests.test_plugin_cli" name="test_import_plan_critical_task_without_reviewer_exit_1" time="0.549" /><testcase classname="tests.test_plugin_cli" name="test_import_plan_failed_imports_leave_plan_untouched" time="1.061" /><testcase classname="tests.test_plugin_cli" name="test_import_plan_after_run_exit_4" time="1.761" /><testcase classname="tests.test_plugin_cli" name="test_import_plan_dispositions_persist_and_validate" time="0.810" /><testcase classname="tests.test_plugin_cli" name="test_import_plan_blocks_missing_capability" time="0.557" /><testcase classname="tests.test_plugin_cli" name="test_plan_objective_file_preserves_quotes_newlines" time="0.328" /><testcase classname="tests.test_plugin_cli" name="test_resume_with_corrupted_plan_exit_1" time="0.566" /><testcase classname="tests.test_plugin_cli" name="test_verify_emits_plan_dag_and_run_scaffold_note" time="1.806" /><testcase classname="tests.test_plugin_cli" name="test_seal_js_style_run_end_to_end" time="2.067" /><testcase classname="tests.test_plugin_cli" name="test_seal_report_crlf_hash_matches_bytes" time="2.124" /><testcase classname="tests.test_plugin_cli" name="test_seal_gate_fail_writes_verdicts_but_not_seal" time="2.041" /><testcase classname="tests.test_plugin_cli" name="test_seal_missing_report_exit_2" time="2.036" /><testcase classname="tests.test_plugin_cli" name="test_seal_corrupted_plan_exit_3" time="1.923" /><testcase classname="tests.test_plugin_cli" name="test_seal_missing_sources_exit_2" time="0.587" /><testcase classname="tests.test_plugin_cli" name="test_seal_idempotent_reseal_same_hash" time="2.478" /><testcase classname="tests.test_plugin_cli" name="test_seal_reseal_after_edit_new_hash" time="2.502" /><testcase classname="tests.test_plugin_cli" name="test_seal_python_run_idempotent" time="2.266" /><testcase classname="tests.test_plugin_selfcontained" name="test_manifest_declares_all_agents" time="0.001" /><testcase classname="tests.test_plugin_selfcontained" name="test_manifest_paths_prefixed" time="0.001" /><testcase classname="tests.test_plugin_selfcontained" name="test_manifest_paths_exist" time="0.002" /><testcase classname="tests.test_plugin_selfcontained" name="test_doctor_in_repo_passes" time="0.205" /><testcase classname="tests.test_plugin_selfcontained" name="test_doctor_foreign_repo_warns" time="0.205" /><testcase classname="tests.test_plugin_selfcontained" name="test_doctor_manifest_mismatch_fails" time="0.260" /><testcase classname="tests.test_plugin_selfcontained" name="test_doctor_role_resolution_broken_target_fails" time="0.255" /><testcase classname="tests.test_plugin_selfcontained" name="test_version_parity" time="0.001" /><testcase classname="tests.test_plugin_selfcontained" name="test_package_reproducible" time="0.152" /><testcase classname="tests.test_plugin_selfcontained" name="test_hook_exec_form_from_foreign_project" time="0.409" /><testcase classname="tests.test_recoverable_publication" name="test_committed_manifest_recovers_after_disk_export_failure" time="0.173" /><testcase classname="tests.test_recoverable_publication" name="test_failed_attempt_cannot_modify_published_outputs" time="0.582" /><testcase classname="tests.test_recoverable_publication" name="test_kill_after_task_commit_resumes_without_repeating_retrieval" time="2.017" /><testcase classname="tests.test_recoverable_publication" name="test_completed_resume_changes_no_files_or_checkpoint" time="2.386" /><testcase classname="tests.test_recoverable_publication" name="test_disk_full_after_success_does_not_retry_committed_task" time="1.935" /><testcase classname="tests.test_recoverable_publication" name="test_undeclared_direct_write_is_rejected_before_publication" time="0.883" /><testcase classname="tests.test_recoverable_publication" name="test_acknowledged_tampering_is_never_silently_repaired" time="1.956" /><testcase classname="tests.test_recoverable_publication" name="test_typed_checkpoint_rejects_duplicate_source_identity" time="1.831" /><testcase classname="tests.test_recoverable_publication" name="test_backup_restores_committed_exports_and_keeps_blobs" time="2.144" /><testcase classname="tests.test_recoverable_publication" name="test_delivery_and_checkpoint_recover_together_after_export_failure" time="2.273" /><testcase classname="tests.test_recoverable_publication" name="test_distinct_process_commits_do_not_lose_checkpoints" time="0.441" /><testcase classname="tests.test_recoverable_publication" name="test_kill_between_blob_write_and_commit_leaves_only_recoverable_orphans" time="2.401" /><testcase classname="tests.test_repo_hygiene" name="test_tree_contains_only_product" time="0.022" /><testcase classname="tests.test_repo_hygiene" name="test_no_forbidden_paths_in_tree" time="0.023" /><testcase classname="tests.test_repo_hygiene" name="test_detector_catches_planted_paths" time="0.001" /><testcase classname="tests.test_repo_hygiene" name="test_detector_passes_on_clean_tree" time="0.001" /><testcase classname="tests.test_reporting_evals_analysis_artifact" name="test_extract_citations" time="0.001" /><testcase classname="tests.test_reporting_evals_analysis_artifact" name="test_unsupported_sentence_detector" time="0.001" /><testcase classname="tests.test_reporting_evals_analysis_artifact" name="test_unsupported_sentence_flags_number_without_backing" time="0.001" /><testcase classname="tests.test_reporting_evals_analysis_artifact" name="test_reference_coordinates_are_not_assertions_but_trailing_claims_are" time="0.001" /><testcase classname="tests.test_reporting_evals_analysis_artifact" name="test_citation_integrity_gate_passes_backed_report" time="0.001" /><testcase classname="tests.test_reporting_evals_analysis_artifact" name="test_citation_integrity_gate_flags_unknown_citation" time="0.001" /><testcase classname="tests.test_reporting_evals_analysis_artifact" name="test_report_assembler_builds_references" time="0.001" /><testcase classname="tests.test_reporting_evals_analysis_artifact" name="test_builtin_cases_all_pass" time="0.001" /><testcase classname="tests.test_reporting_evals_analysis_artifact" name="test_run_case_recall_precision" time="0.001" /><testcase classname="tests.test_reporting_evals_analysis_artifact" name="test_contradiction_eval_has_no_label_leakage" time="0.001" /><testcase classname="tests.test_reporting_evals_analysis_artifact" name="test_contradiction_pairs_inferred_from_content" time="0.001" /><testcase classname="tests.test_reporting_evals_analysis_artifact" name="test_contradiction_inference_respects_scope" time="0.000" /><testcase classname="tests.test_reporting_evals_analysis_artifact" name="test_contradiction_inference_ignores_numberless_claims" time="0.001" /><testcase classname="tests.test_reporting_evals_analysis_artifact" name="test_calculation_reproducible" time="0.001" /><testcase classname="tests.test_reporting_evals_analysis_artifact" name="test_calculation_ledger_verify_all" time="0.000" /><testcase classname="tests.test_reporting_evals_analysis_artifact" name="test_seal_and_verify" time="0.006" /><testcase classname="tests.test_reporting_evals_analysis_artifact" name="test_seal_artifact_from_bytes" time="0.001" /><testcase classname="tests.test_reporting_evals_analysis_artifact" name="test_exploration_tree_observed_vs_inferred" time="0.001" /><testcase classname="tests.test_runner" name="test_run_file_research_end_to_end" time="1.860" /><testcase classname="tests.test_runner" name="test_run_file_research_blocks_delivery_without_source_text" time="1.798" /><testcase classname="tests.test_runner" name="test_run_dir_persists_real_outputs_per_task" time="1.776" /><testcase classname="tests.test_runner" name="test_prepare_run_dir_writes_scaffold_provenance" time="0.176" /><testcase classname="tests.test_runner" name="test_import_plan_into_run_happy_path" time="0.220" /><testcase classname="tests.test_runner" name="test_import_plan_identity_mismatch_blocks" time="0.143" /><testcase classname="tests.test_runner" name="test_import_plan_after_execution_is_forbidden" time="0.157" /><testcase classname="tests.test_runner" name="test_execute_plan_delivery_manifest_has_verified_report_hash" time="1.760" /><testcase classname="tests.test_runner" name="test_unresolved_critical_claims_filters_critical_unresolved" time="0.003" /><testcase classname="tests.test_runner" name="test_seal_delivery_persists_produced_by_and_gate_timestamps" time="0.166" /><testcase classname="tests.test_runtime_leases" name="test_heartbeats_keep_the_original_attempt_alive" time="0.745" /><testcase classname="tests.test_runtime_leases" name="test_cancellation_from_another_connection_blocks_late_outputs" time="1.541" /><testcase classname="tests.test_runtime_maintenance" name="test_gc_quarantines_only_orphans_and_preserves_transitive_source_blobs" time="2.115" /><testcase classname="tests.test_runtime_maintenance" name="test_gc_retains_new_and_running_attempt_blobs" time="0.033" /><testcase classname="tests.test_runtime_store" name="test_stale_manifest_cannot_overwrite_other_process" time="0.334" /><testcase classname="tests.test_runtime_store" name="test_one_lease_wins" time="0.138" /><testcase classname="tests.test_runtime_store" name="test_commit_rejects_kernel_owned_artifact_even_without_planner" time="0.024" /><testcase classname="tests.test_runtime_store" name="test_expired_worker_cannot_publish" time="0.060" /><testcase classname="tests.test_runtime_store" name="test_atomic_reservations_never_overbook" time="0.175" /><testcase classname="tests.test_runtime_store" name="test_kill_before_commit_rolls_back_and_backup_replays" time="0.219" /><testcase classname="tests.test_runtime_store" name="test_wal_version_guard" time="0.001" /><testcase classname="tests.test_scheduler_concurrency" name="test_four_workers_overlap_without_fifth" time="0.036" /><testcase classname="tests.test_scheduler_concurrency" name="test_descendant_does_not_wait_for_unrelated_sibling" time="0.002" /><testcase classname="tests.test_schema_upgrade" name="test_kill_during_schema_upgrade_rolls_back_ddl_and_reopens" time="0.225" /><testcase classname="tests.test_schema_upgrade" name="test_upgrade_preserves_state_and_leaves_read_only_preupgrade_backup" time="0.041" /><testcase classname="tests.test_schema_upgrade" name="test_failed_backup_leaves_database_at_previous_version" time="0.026" /><testcase classname="tests.test_schemas" name="test_all_canonical_schemas_present" time="0.000" /><testcase classname="tests.test_schemas" name="test_contract_round_trip" time="0.000" /><testcase classname="tests.test_schemas" name="test_extra_fields_are_forbidden" time="0.001" /><testcase classname="tests.test_schemas" name="test_gate_compose_pass_and_fail" time="0.001" /><testcase classname="tests.test_schemas" name="test_gate_compose_warn_is_pass" time="0.001" /><testcase classname="tests.test_schemas" name="test_export_json_schemas" time="0.075" /><testcase classname="tests.test_security_hooks" name="test_scan_secrets_detects_keys" time="0.001" /><testcase classname="tests.test_security_hooks" name="test_scan_secrets_in_file" time="0.003" /><testcase classname="tests.test_security_hooks" name="test_is_within_and_safe_join" time="0.005" /><testcase classname="tests.test_security_hooks" name="test_path_traversal_attempt" time="0.001" /><testcase classname="tests.test_security_hooks" name="test_egress_allowed" time="0.000" /><testcase classname="tests.test_security_hooks" name="test_security_gate_flags_secret" time="0.003" /><testcase classname="tests.test_security_hooks" name="test_hook_task_created_requires_owner" time="0.000" /><testcase classname="tests.test_security_hooks" name="test_hook_pre_tool_use_blocks_traversal" time="0.001" /><testcase classname="tests.test_security_hooks" name="test_hook_pre_tool_use_blocks_unauthorized" time="0.000" /><testcase classname="tests.test_security_hooks" name="test_hook_subagent_stop_requires_outputs" time="0.000" /><testcase classname="tests.test_security_hooks" name="test_hook_stop_requires_clean_delivery" time="0.001" /><testcase classname="tests.test_state_corpus_retrieval" name="test_scaffold_creates_canonical_tree" time="0.114" /><testcase classname="tests.test_state_corpus_retrieval" name="test_events_append_only" time="0.125" /><testcase classname="tests.test_state_corpus_retrieval" name="test_snapshot_and_verify_hashes" time="0.228" /><testcase classname="tests.test_state_corpus_retrieval" name="test_hash_file" time="0.003" /><testcase classname="tests.test_state_corpus_retrieval" name="test_canonicalize_url_strips_tracking" time="0.001" /><testcase classname="tests.test_state_corpus_retrieval" name="test_normalize_doi" time="0.000" /><testcase classname="tests.test_state_corpus_retrieval" name="test_dedupe_exact_by_content_hash" time="0.001" /><testcase classname="tests.test_state_corpus_retrieval" name="test_independence_families_collapse_syndication" time="0.001" /><testcase classname="tests.test_state_corpus_retrieval" name="test_bm25_ranks_relevant_doc_first" time="0.001" /><testcase classname="tests.test_state_corpus_retrieval" name="test_file_corpus_search" time="0.007" /><testcase classname="tests.test_state_corpus_retrieval" name="test_query_graph_parent_child" time="0.001" /><testcase classname="tests.test_state_corpus_retrieval" name="test_stopping_criterion_saturates" time="0.001" /><testcase classname="tests.test_state_corpus_retrieval" name="test_stopping_criterion_budget_ceiling" time="0.000" /><testcase classname="tests.test_workflows" name="test_workflow_rejects_missing_input[kdr-plan]" time="0.037" /><testcase classname="tests.test_workflows" name="test_workflow_rejects_missing_input[kdr-run]" time="0.034" /><testcase classname="tests.test_workflows" name="test_workflow_rejects_missing_input[kdr-verify]" time="0.035" /><testcase classname="tests.test_workflows" name="test_workflow_rejects_missing_input[kdr-deep-research]" time="0.042" /><testcase classname="tests.test_workflows" name="test_agent_cannot_grant_delivery_approval[kdr-plan]" time="0.038" /><testcase classname="tests.test_workflows" name="test_agent_cannot_grant_delivery_approval[kdr-run]" time="0.037" /><testcase classname="tests.test_workflows" name="test_agent_cannot_grant_delivery_approval[kdr-verify]" time="0.035" /><testcase classname="tests.test_workflows" name="test_agent_cannot_grant_delivery_approval[kdr-deep-research]" time="0.035" /><testcase classname="tests.test_workflows" name="test_transport_is_literal_and_plan_stays_in_kernel[kdr-plan-plan]" time="0.035" /><testcase classname="tests.test_workflows" name="test_transport_is_literal_and_plan_stays_in_kernel[kdr-run-run]" time="0.036" /><testcase classname="tests.test_workflows" name="test_transport_is_literal_and_plan_stays_in_kernel[kdr-verify-verify]" time="0.035" /><testcase classname="tests.test_workflows" name="test_transport_is_literal_and_plan_stays_in_kernel[kdr-deep-research-research]" time="0.034" /><testcase classname="tests.test_workflows" name="test_null_agent_blocks_without_second_execution[kdr-plan]" time="0.035" /><testcase classname="tests.test_workflows" name="test_null_agent_blocks_without_second_execution[kdr-run]" time="0.034" /><testcase classname="tests.test_workflows" name="test_null_agent_blocks_without_second_execution[kdr-verify]" time="0.034" /><testcase classname="tests.test_workflows" name="test_null_agent_blocks_without_second_execution[kdr-deep-research]" time="0.035" /><testcase classname="tests.test_workflows" name="test_no_runtime_forbidden_constructs" time="0.001" /><testcase classname="tests.test_workflows" name="test_plugin_manifest_declares_workflows" time="0.001" /><testcase classname="tests.test_workflows" name="test_exported_schemas_match_canonical_models" time="0.056" /></testsuite></testsuites>