<?xml version="1.0" encoding="utf-8"?><testsuites name="pytest tests"><testsuite name="pytest" errors="0" failures="0" skipped="0" tests="14" time="0.732" timestamp="2026-09-11T09:54:41.468341-03:00" hostname="DESKTOP-AA6P1ID"><testcase classname="tests.test_http_security" name="test_non_public_and_special_destinations_blocked[file:///etc/passwd]" time="0.000" /><testcase classname="tests.test_http_security" name="test_non_public_and_special_destinations_blocked[http://user:pass@example.com]" time="0.000" /><testcase classname="tests.test_http_security" name="test_non_public_and_special_destinations_blocked[http://127.0.0.1]" time="0.001" /><testcase classname="tests.test_http_security" name="test_non_public_and_special_destinations_blocked[http://[::1]]" time="0.000" /><testcase classname="tests.test_http_security" name="test_non_public_and_special_destinations_blocked[http://169.254.169.254/latest]" time="0.000" /><testcase classname="tests.test_http_security" name="test_non_public_and_special_destinations_blocked[http://10.0.0.1]" time="0.000" /><testcase classname="tests.test_http_security" name="test_non_public_and_special_destinations_blocked[http://example.com:22]" time="0.000" /><testcase classname="tests.test_http_security" name="test_redirect_to_metadata_is_blocked_before_connection" time="0.000" /><testcase classname="tests.test_http_security" name="test_stream_and_decompression_limits[False]" time="0.000" /><testcase classname="tests.test_http_security" name="test_stream_and_decompression_limits[True]" time="0.000" /><testcase classname="tests.test_http_security" name="test_credentials_removed_across_origin" time="0.000" /><testcase classname="tests.test_http_security" name="test_all_dns_addresses_checked" time="0.000" /><testcase classname="tests.test_delivery_policy" name="test_invented_qualitative_statement_blocks" time="0.001" /><testcase classname="tests.test_delivery_policy" name="test_revalidation_revokes_obsolete_seal" time="0.573" /></testsuite></testsuites>